2021-06-25 09:44:46.000  INFO 53104 --- [main] formation.sopra.springBoot.Application   : Starting Application using Java 1.8.0_31 on macOlivier with PID 53104 (/Users/olivier/Documents/sopra20210525.nosync/Sopra-210413/Workspace/springBoot/target/classes started by olivier in /Users/olivier/Documents/sopra20210525.nosync/Sopra-210413/Workspace/springBoot)
2021-06-25 09:44:46.019  INFO 53104 --- [main] formation.sopra.springBoot.Application   : No active profile set, falling back to default profiles: default
2021-06-25 09:44:48.150  INFO 53104 --- [main] .s.d.r.c.RepositoryConfigurationDelegate : Bootstrapping Spring Data JPA repositories in DEFAULT mode.
2021-06-25 09:44:48.274  INFO 53104 --- [main] .s.d.r.c.RepositoryConfigurationDelegate : Finished Spring Data repository scanning in 111 ms. Found 6 JPA repository interfaces.
2021-06-25 09:44:48.967  INFO 53104 --- [main] trationDelegate$BeanPostProcessorChecker : Bean 'org.springframework.security.access.expression.method.DefaultMethodSecurityExpressionHandler@1965539b' of type [org.springframework.security.access.expression.method.DefaultMethodSecurityExpressionHandler] is not eligible for getting processed by all BeanPostProcessors (for example: not eligible for auto-proxying)
2021-06-25 09:44:48.975  INFO 53104 --- [main] trationDelegate$BeanPostProcessorChecker : Bean 'methodSecurityMetadataSource' of type [org.springframework.security.access.method.DelegatingMethodSecurityMetadataSource] is not eligible for getting processed by all BeanPostProcessors (for example: not eligible for auto-proxying)
2021-06-25 09:44:49.507  INFO 53104 --- [main] o.s.b.w.embedded.tomcat.TomcatWebServer  : Tomcat initialized with port(s): 8080 (http)
2021-06-25 09:44:49.524  INFO 53104 --- [main] o.apache.catalina.core.StandardService   : Starting service [Tomcat]
2021-06-25 09:44:49.525  INFO 53104 --- [main] org.apache.catalina.core.StandardEngine  : Starting Servlet engine: [Apache Tomcat/9.0.46]
2021-06-25 09:44:50.530  INFO 53104 --- [main] org.apache.jasper.servlet.TldScanner     : At least one JAR was scanned for TLDs yet contained no TLDs. Enable debug logging for this logger for a complete list of JARs that were scanned but no TLDs were found in them. Skipping unneeded JARs during scanning can improve startup time and JSP compilation time.
2021-06-25 09:44:50.545  INFO 53104 --- [main] o.a.c.c.C.[Tomcat].[localhost].[/boot]   : Initializing Spring embedded WebApplicationContext
2021-06-25 09:44:50.545  INFO 53104 --- [main] w.s.c.ServletWebServerApplicationContext : Root WebApplicationContext: initialization completed in 4388 ms
2021-06-25 09:44:50.770  INFO 53104 --- [main] com.zaxxer.hikari.HikariDataSource       : HikariPool-1 - Starting...
2021-06-25 09:44:51.007  INFO 53104 --- [main] com.zaxxer.hikari.HikariDataSource       : HikariPool-1 - Start completed.
2021-06-25 09:44:51.137  INFO 53104 --- [main] o.hibernate.jpa.internal.util.LogHelper  : HHH000204: Processing PersistenceUnitInfo [name: default]
2021-06-25 09:44:51.252  INFO 53104 --- [main] org.hibernate.Version                    : HHH000412: Hibernate ORM core version 5.4.32.Final
2021-06-25 09:44:51.543  INFO 53104 --- [main] o.hibernate.annotations.common.Version   : HCANN000001: Hibernate Commons Annotations {5.1.2.Final}
2021-06-25 09:44:51.745  INFO 53104 --- [main] org.hibernate.dialect.Dialect            : HHH000400: Using dialect: org.hibernate.dialect.PostgreSQL10Dialect
2021-06-25 09:44:53.912  INFO 53104 --- [main] o.h.e.t.j.p.i.JtaPlatformInitiator       : HHH000490: Using JtaPlatform implementation: [org.hibernate.engine.transaction.jta.platform.internal.NoJtaPlatform]
2021-06-25 09:44:53.928  INFO 53104 --- [main] j.LocalContainerEntityManagerFactoryBean : Initialized JPA EntityManagerFactory for persistence unit 'default'
2021-06-25 09:44:53.992  WARN 53104 --- [main] JpaBaseConfiguration$JpaWebConfiguration : spring.jpa.open-in-view is enabled by default. Therefore, database queries may be performed during view rendering. Explicitly configure spring.jpa.open-in-view to disable this warning
2021-06-25 09:44:57.291  INFO 53104 --- [main] o.s.s.web.DefaultSecurityFilterChain     : Will secure Ant [pattern='/images/**'] with []
2021-06-25 09:44:57.291  INFO 53104 --- [main] o.s.s.web.DefaultSecurityFilterChain     : Will secure Ant [pattern='/css/**'] with []
2021-06-25 09:44:57.292  INFO 53104 --- [main] o.s.s.web.DefaultSecurityFilterChain     : Will secure Ant [pattern='/js/**'] with []
2021-06-25 09:44:57.377  INFO 53104 --- [main] o.s.s.web.DefaultSecurityFilterChain     : Will secure Ant [pattern='/**'] with [org.springframework.security.web.context.request.async.WebAsyncManagerIntegrationFilter@124ff64d, org.springframework.security.web.context.SecurityContextPersistenceFilter@45d38165, org.springframework.security.web.header.HeaderWriterFilter@4ae2c01b, org.springframework.security.web.csrf.CsrfFilter@924f3f1, org.springframework.security.web.authentication.logout.LogoutFilter@662713b6, org.springframework.security.web.authentication.UsernamePasswordAuthenticationFilter@360a3106, org.springframework.security.web.authentication.www.BasicAuthenticationFilter@5a63fa71, org.springframework.security.web.savedrequest.RequestCacheAwareFilter@26612078, org.springframework.security.web.servletapi.SecurityContextHolderAwareRequestFilter@3c3cd7a5, org.springframework.security.web.authentication.AnonymousAuthenticationFilter@75aa7703, org.springframework.security.web.session.SessionManagementFilter@6879e983, org.springframework.security.web.access.ExceptionTranslationFilter@2e4b5da1, org.springframework.security.web.access.intercept.FilterSecurityInterceptor@b56d8a7]
2021-06-25 09:44:57.554  INFO 53104 --- [main] o.s.b.w.embedded.tomcat.TomcatWebServer  : Tomcat started on port(s): 8080 (http) with context path '/boot'
2021-06-25 09:44:57.570  INFO 53104 --- [main] formation.sopra.springBoot.Application   : Started Application in 12.38 seconds (JVM running for 13.674)
2021-06-25 09:44:57.572  INFO 53104 --- [main] f.s.springBoot.services.ConsoleService   : Info
2021-06-25 09:44:57.573  WARN 53104 --- [main] f.s.springBoot.services.ConsoleService   : Warn
2021-06-25 09:44:57.573 ERROR 53104 --- [main] f.s.springBoot.services.ConsoleService   : Error
2021-06-25 09:44:58.946  INFO 53104 --- [http-nio-8080-exec-2] o.a.c.c.C.[Tomcat].[localhost].[/boot]   : Initializing Spring DispatcherServlet 'dispatcherServlet'
2021-06-25 09:44:58.946  INFO 53104 --- [http-nio-8080-exec-2] o.s.web.servlet.DispatcherServlet        : Initializing Servlet 'dispatcherServlet'
2021-06-25 09:44:58.950  INFO 53104 --- [http-nio-8080-exec-2] o.s.web.servlet.DispatcherServlet        : Completed initialization in 4 ms
2021-06-25 11:02:02.434  INFO 53104 --- [RMI TCP Connection(84)-127.0.0.1] inMXBeanRegistrar$SpringApplicationAdmin : Application shutdown requested.
2021-06-25 11:02:02.539  INFO 53104 --- [RMI TCP Connection(84)-127.0.0.1] j.LocalContainerEntityManagerFactoryBean : Closing JPA EntityManagerFactory for persistence unit 'default'
2021-06-25 11:02:02.560  INFO 53104 --- [RMI TCP Connection(84)-127.0.0.1] com.zaxxer.hikari.HikariDataSource       : HikariPool-1 - Shutdown initiated...
2021-06-25 11:02:02.564  INFO 53104 --- [RMI TCP Connection(84)-127.0.0.1] com.zaxxer.hikari.HikariDataSource       : HikariPool-1 - Shutdown completed.
2021-06-25 11:02:04.793  INFO 58381 --- [main] formation.sopra.springBoot.Application   : Starting Application using Java 1.8.0_31 on macOlivier with PID 58381 (/Users/olivier/Documents/sopra20210525.nosync/Sopra-210413/Workspace/springBoot/target/classes started by olivier in /Users/olivier/Documents/sopra20210525.nosync/Sopra-210413/Workspace/springBoot)
2021-06-25 11:02:04.797  INFO 58381 --- [main] formation.sopra.springBoot.Application   : No active profile set, falling back to default profiles: default
2021-06-25 11:02:05.974  INFO 58381 --- [main] .s.d.r.c.RepositoryConfigurationDelegate : Bootstrapping Spring Data JPA repositories in DEFAULT mode.
2021-06-25 11:02:06.104  INFO 58381 --- [main] .s.d.r.c.RepositoryConfigurationDelegate : Finished Spring Data repository scanning in 113 ms. Found 6 JPA repository interfaces.
2021-06-25 11:02:06.573  INFO 58381 --- [main] trationDelegate$BeanPostProcessorChecker : Bean 'org.springframework.security.access.expression.method.DefaultMethodSecurityExpressionHandler@4158debd' of type [org.springframework.security.access.expression.method.DefaultMethodSecurityExpressionHandler] is not eligible for getting processed by all BeanPostProcessors (for example: not eligible for auto-proxying)
2021-06-25 11:02:06.581  INFO 58381 --- [main] trationDelegate$BeanPostProcessorChecker : Bean 'methodSecurityMetadataSource' of type [org.springframework.security.access.method.DelegatingMethodSecurityMetadataSource] is not eligible for getting processed by all BeanPostProcessors (for example: not eligible for auto-proxying)
2021-06-25 11:02:06.933  INFO 58381 --- [main] o.s.b.w.embedded.tomcat.TomcatWebServer  : Tomcat initialized with port(s): 8080 (http)
2021-06-25 11:02:06.948  INFO 58381 --- [main] o.apache.catalina.core.StandardService   : Starting service [Tomcat]
2021-06-25 11:02:06.948  INFO 58381 --- [main] org.apache.catalina.core.StandardEngine  : Starting Servlet engine: [Apache Tomcat/9.0.46]
2021-06-25 11:02:07.358  INFO 58381 --- [main] org.apache.jasper.servlet.TldScanner     : At least one JAR was scanned for TLDs yet contained no TLDs. Enable debug logging for this logger for a complete list of JARs that were scanned but no TLDs were found in them. Skipping unneeded JARs during scanning can improve startup time and JSP compilation time.
2021-06-25 11:02:07.366  INFO 58381 --- [main] o.a.c.c.C.[Tomcat].[localhost].[/boot]   : Initializing Spring embedded WebApplicationContext
2021-06-25 11:02:07.366  INFO 58381 --- [main] w.s.c.ServletWebServerApplicationContext : Root WebApplicationContext: initialization completed in 2487 ms
2021-06-25 11:02:07.495  INFO 58381 --- [main] com.zaxxer.hikari.HikariDataSource       : HikariPool-1 - Starting...
2021-06-25 11:02:07.631  INFO 58381 --- [main] com.zaxxer.hikari.HikariDataSource       : HikariPool-1 - Start completed.
2021-06-25 11:02:07.730  INFO 58381 --- [main] o.hibernate.jpa.internal.util.LogHelper  : HHH000204: Processing PersistenceUnitInfo [name: default]
2021-06-25 11:02:07.831  INFO 58381 --- [main] org.hibernate.Version                    : HHH000412: Hibernate ORM core version 5.4.32.Final
2021-06-25 11:02:08.016  INFO 58381 --- [main] o.hibernate.annotations.common.Version   : HCANN000001: Hibernate Commons Annotations {5.1.2.Final}
2021-06-25 11:02:08.170  INFO 58381 --- [main] org.hibernate.dialect.Dialect            : HHH000400: Using dialect: org.hibernate.dialect.PostgreSQL10Dialect
2021-06-25 11:02:09.297  INFO 58381 --- [main] o.h.e.t.j.p.i.JtaPlatformInitiator       : HHH000490: Using JtaPlatform implementation: [org.hibernate.engine.transaction.jta.platform.internal.NoJtaPlatform]
2021-06-25 11:02:09.316  INFO 58381 --- [main] j.LocalContainerEntityManagerFactoryBean : Initialized JPA EntityManagerFactory for persistence unit 'default'
2021-06-25 11:02:09.381  WARN 58381 --- [main] JpaBaseConfiguration$JpaWebConfiguration : spring.jpa.open-in-view is enabled by default. Therefore, database queries may be performed during view rendering. Explicitly configure spring.jpa.open-in-view to disable this warning
2021-06-25 11:02:11.313  INFO 58381 --- [main] o.s.s.web.DefaultSecurityFilterChain     : Will secure Ant [pattern='/images/**'] with []
2021-06-25 11:02:11.314  INFO 58381 --- [main] o.s.s.web.DefaultSecurityFilterChain     : Will secure Ant [pattern='/css/**'] with []
2021-06-25 11:02:11.314  INFO 58381 --- [main] o.s.s.web.DefaultSecurityFilterChain     : Will secure Ant [pattern='/js/**'] with []
2021-06-25 11:02:11.367  INFO 58381 --- [main] o.s.s.web.DefaultSecurityFilterChain     : Will secure Ant [pattern='/**'] with [org.springframework.security.web.context.request.async.WebAsyncManagerIntegrationFilter@388e4c25, org.springframework.security.web.context.SecurityContextPersistenceFilter@335cdd2, org.springframework.security.web.header.HeaderWriterFilter@498b611e, org.springframework.security.web.csrf.CsrfFilter@4dffff9, org.springframework.security.web.authentication.logout.LogoutFilter@54e94de9, org.springframework.security.web.authentication.UsernamePasswordAuthenticationFilter@12270a01, org.springframework.security.web.authentication.www.BasicAuthenticationFilter@57a5b03, org.springframework.security.web.savedrequest.RequestCacheAwareFilter@60a99f3d, org.springframework.security.web.servletapi.SecurityContextHolderAwareRequestFilter@35841d6, org.springframework.security.web.authentication.AnonymousAuthenticationFilter@12532e37, org.springframework.security.web.session.SessionManagementFilter@4b56b517, org.springframework.security.web.access.ExceptionTranslationFilter@3c4ad54, org.springframework.security.web.access.intercept.FilterSecurityInterceptor@183ef89a]
2021-06-25 11:02:11.484  INFO 58381 --- [main] o.s.b.w.embedded.tomcat.TomcatWebServer  : Tomcat started on port(s): 8080 (http) with context path '/boot'
2021-06-25 11:02:11.498  INFO 58381 --- [main] formation.sopra.springBoot.Application   : Started Application in 7.238 seconds (JVM running for 8.045)
2021-06-25 11:02:11.501  INFO 58381 --- [main] f.s.springBoot.services.ConsoleService   : Info
2021-06-25 11:02:11.501  WARN 58381 --- [main] f.s.springBoot.services.ConsoleService   : Warn
2021-06-25 11:02:11.501 ERROR 58381 --- [main] f.s.springBoot.services.ConsoleService   : Error
2021-06-25 11:02:19.459  INFO 58381 --- [http-nio-8080-exec-2] o.a.c.c.C.[Tomcat].[localhost].[/boot]   : Initializing Spring DispatcherServlet 'dispatcherServlet'
2021-06-25 11:02:19.460  INFO 58381 --- [http-nio-8080-exec-2] o.s.web.servlet.DispatcherServlet        : Initializing Servlet 'dispatcherServlet'
2021-06-25 11:02:19.464  INFO 58381 --- [http-nio-8080-exec-2] o.s.web.servlet.DispatcherServlet        : Completed initialization in 2 ms
2021-06-25 11:03:18.610  INFO 58381 --- [RMI TCP Connection(9)-127.0.0.1] inMXBeanRegistrar$SpringApplicationAdmin : Application shutdown requested.
2021-06-25 11:03:18.646  INFO 58381 --- [RMI TCP Connection(9)-127.0.0.1] j.LocalContainerEntityManagerFactoryBean : Closing JPA EntityManagerFactory for persistence unit 'default'
2021-06-25 11:03:18.649  INFO 58381 --- [RMI TCP Connection(9)-127.0.0.1] com.zaxxer.hikari.HikariDataSource       : HikariPool-1 - Shutdown initiated...
2021-06-25 11:03:18.652  INFO 58381 --- [RMI TCP Connection(9)-127.0.0.1] com.zaxxer.hikari.HikariDataSource       : HikariPool-1 - Shutdown completed.
2021-06-25 11:03:21.788  INFO 58410 --- [main] formation.sopra.springBoot.Application   : Starting Application using Java 1.8.0_31 on macOlivier with PID 58410 (/Users/olivier/Documents/sopra20210525.nosync/Sopra-210413/Workspace/springBoot/target/classes started by olivier in /Users/olivier/Documents/sopra20210525.nosync/Sopra-210413/Workspace/springBoot)
2021-06-25 11:03:21.793  INFO 58410 --- [main] formation.sopra.springBoot.Application   : No active profile set, falling back to default profiles: default
2021-06-25 11:03:22.885  INFO 58410 --- [main] .s.d.r.c.RepositoryConfigurationDelegate : Bootstrapping Spring Data JPA repositories in DEFAULT mode.
2021-06-25 11:03:23.022  INFO 58410 --- [main] .s.d.r.c.RepositoryConfigurationDelegate : Finished Spring Data repository scanning in 124 ms. Found 6 JPA repository interfaces.
2021-06-25 11:03:23.581  INFO 58410 --- [main] trationDelegate$BeanPostProcessorChecker : Bean 'org.springframework.security.access.expression.method.DefaultMethodSecurityExpressionHandler@25d3cfc8' of type [org.springframework.security.access.expression.method.DefaultMethodSecurityExpressionHandler] is not eligible for getting processed by all BeanPostProcessors (for example: not eligible for auto-proxying)
2021-06-25 11:03:23.589  INFO 58410 --- [main] trationDelegate$BeanPostProcessorChecker : Bean 'methodSecurityMetadataSource' of type [org.springframework.security.access.method.DelegatingMethodSecurityMetadataSource] is not eligible for getting processed by all BeanPostProcessors (for example: not eligible for auto-proxying)
2021-06-25 11:03:23.925  INFO 58410 --- [main] o.s.b.w.embedded.tomcat.TomcatWebServer  : Tomcat initialized with port(s): 8080 (http)
2021-06-25 11:03:23.938  INFO 58410 --- [main] o.apache.catalina.core.StandardService   : Starting service [Tomcat]
2021-06-25 11:03:23.938  INFO 58410 --- [main] org.apache.catalina.core.StandardEngine  : Starting Servlet engine: [Apache Tomcat/9.0.46]
2021-06-25 11:03:24.343  INFO 58410 --- [main] org.apache.jasper.servlet.TldScanner     : At least one JAR was scanned for TLDs yet contained no TLDs. Enable debug logging for this logger for a complete list of JARs that were scanned but no TLDs were found in them. Skipping unneeded JARs during scanning can improve startup time and JSP compilation time.
2021-06-25 11:03:24.351  INFO 58410 --- [main] o.a.c.c.C.[Tomcat].[localhost].[/boot]   : Initializing Spring embedded WebApplicationContext
2021-06-25 11:03:24.351  INFO 58410 --- [main] w.s.c.ServletWebServerApplicationContext : Root WebApplicationContext: initialization completed in 2480 ms
2021-06-25 11:03:24.519  INFO 58410 --- [main] com.zaxxer.hikari.HikariDataSource       : HikariPool-1 - Starting...
2021-06-25 11:03:24.660  INFO 58410 --- [main] com.zaxxer.hikari.HikariDataSource       : HikariPool-1 - Start completed.
2021-06-25 11:03:24.800  INFO 58410 --- [main] o.hibernate.jpa.internal.util.LogHelper  : HHH000204: Processing PersistenceUnitInfo [name: default]
2021-06-25 11:03:24.915  INFO 58410 --- [main] org.hibernate.Version                    : HHH000412: Hibernate ORM core version 5.4.32.Final
2021-06-25 11:03:25.130  INFO 58410 --- [main] o.hibernate.annotations.common.Version   : HCANN000001: Hibernate Commons Annotations {5.1.2.Final}
2021-06-25 11:03:25.334  INFO 58410 --- [main] org.hibernate.dialect.Dialect            : HHH000400: Using dialect: org.hibernate.dialect.PostgreSQL10Dialect
2021-06-25 11:03:26.646  INFO 58410 --- [main] o.h.e.t.j.p.i.JtaPlatformInitiator       : HHH000490: Using JtaPlatform implementation: [org.hibernate.engine.transaction.jta.platform.internal.NoJtaPlatform]
2021-06-25 11:03:26.662  INFO 58410 --- [main] j.LocalContainerEntityManagerFactoryBean : Initialized JPA EntityManagerFactory for persistence unit 'default'
2021-06-25 11:03:26.735  WARN 58410 --- [main] JpaBaseConfiguration$JpaWebConfiguration : spring.jpa.open-in-view is enabled by default. Therefore, database queries may be performed during view rendering. Explicitly configure spring.jpa.open-in-view to disable this warning
2021-06-25 11:03:28.815  INFO 58410 --- [main] o.s.s.web.DefaultSecurityFilterChain     : Will secure Ant [pattern='/images/**'] with []
2021-06-25 11:03:28.815  INFO 58410 --- [main] o.s.s.web.DefaultSecurityFilterChain     : Will secure Ant [pattern='/css/**'] with []
2021-06-25 11:03:28.815  INFO 58410 --- [main] o.s.s.web.DefaultSecurityFilterChain     : Will secure Ant [pattern='/js/**'] with []
2021-06-25 11:03:28.868  INFO 58410 --- [main] o.s.s.web.DefaultSecurityFilterChain     : Will secure Ant [pattern='/**'] with [org.springframework.security.web.context.request.async.WebAsyncManagerIntegrationFilter@c0004b7, org.springframework.security.web.context.SecurityContextPersistenceFilter@49f50c8f, org.springframework.security.web.header.HeaderWriterFilter@51df2a41, org.springframework.security.web.csrf.CsrfFilter@670c171c, org.springframework.security.web.authentication.logout.LogoutFilter@11c999da, org.springframework.security.web.authentication.UsernamePasswordAuthenticationFilter@39ead1b7, org.springframework.security.web.authentication.www.BasicAuthenticationFilter@7b8cb283, org.springframework.security.web.savedrequest.RequestCacheAwareFilter@6297cb4b, org.springframework.security.web.servletapi.SecurityContextHolderAwareRequestFilter@4f82248f, org.springframework.security.web.authentication.AnonymousAuthenticationFilter@63880be9, org.springframework.security.web.session.SessionManagementFilter@7c0b0bd9, org.springframework.security.web.access.ExceptionTranslationFilter@64d93096, org.springframework.security.web.access.intercept.FilterSecurityInterceptor@d3d5094]
2021-06-25 11:03:29.012  INFO 58410 --- [main] o.s.b.w.embedded.tomcat.TomcatWebServer  : Tomcat started on port(s): 8080 (http) with context path '/boot'
2021-06-25 11:03:29.028  INFO 58410 --- [main] formation.sopra.springBoot.Application   : Started Application in 8.04 seconds (JVM running for 9.438)
2021-06-25 11:03:29.031  INFO 58410 --- [main] f.s.springBoot.services.ConsoleService   : Info
2021-06-25 11:03:29.031  WARN 58410 --- [main] f.s.springBoot.services.ConsoleService   : Warn
2021-06-25 11:03:29.032 ERROR 58410 --- [main] f.s.springBoot.services.ConsoleService   : Error
2021-06-25 11:03:40.035  INFO 58410 --- [http-nio-8080-exec-1] o.a.c.c.C.[Tomcat].[localhost].[/boot]   : Initializing Spring DispatcherServlet 'dispatcherServlet'
2021-06-25 11:03:40.036  INFO 58410 --- [http-nio-8080-exec-1] o.s.web.servlet.DispatcherServlet        : Initializing Servlet 'dispatcherServlet'
2021-06-25 11:03:40.038  INFO 58410 --- [http-nio-8080-exec-1] o.s.web.servlet.DispatcherServlet        : Completed initialization in 2 ms
2021-06-25 11:04:39.081  INFO 58410 --- [RMI TCP Connection(9)-127.0.0.1] inMXBeanRegistrar$SpringApplicationAdmin : Application shutdown requested.
2021-06-25 11:04:39.129  INFO 58410 --- [RMI TCP Connection(9)-127.0.0.1] j.LocalContainerEntityManagerFactoryBean : Closing JPA EntityManagerFactory for persistence unit 'default'
2021-06-25 11:04:39.133  INFO 58410 --- [RMI TCP Connection(9)-127.0.0.1] com.zaxxer.hikari.HikariDataSource       : HikariPool-1 - Shutdown initiated...
2021-06-25 11:04:39.145  INFO 58410 --- [RMI TCP Connection(9)-127.0.0.1] com.zaxxer.hikari.HikariDataSource       : HikariPool-1 - Shutdown completed.
2021-06-25 11:04:41.239  INFO 58540 --- [main] formation.sopra.springBoot.Application   : Starting Application using Java 1.8.0_31 on macOlivier with PID 58540 (/Users/olivier/Documents/sopra20210525.nosync/Sopra-210413/Workspace/springBoot/target/classes started by olivier in /Users/olivier/Documents/sopra20210525.nosync/Sopra-210413/Workspace/springBoot)
2021-06-25 11:04:41.242  INFO 58540 --- [main] formation.sopra.springBoot.Application   : No active profile set, falling back to default profiles: default
2021-06-25 11:04:42.295  INFO 58540 --- [main] .s.d.r.c.RepositoryConfigurationDelegate : Bootstrapping Spring Data JPA repositories in DEFAULT mode.
2021-06-25 11:04:42.402  INFO 58540 --- [main] .s.d.r.c.RepositoryConfigurationDelegate : Finished Spring Data repository scanning in 96 ms. Found 6 JPA repository interfaces.
2021-06-25 11:04:42.907  INFO 58540 --- [main] trationDelegate$BeanPostProcessorChecker : Bean 'org.springframework.security.access.expression.method.DefaultMethodSecurityExpressionHandler@660591fb' of type [org.springframework.security.access.expression.method.DefaultMethodSecurityExpressionHandler] is not eligible for getting processed by all BeanPostProcessors (for example: not eligible for auto-proxying)
2021-06-25 11:04:42.912  INFO 58540 --- [main] trationDelegate$BeanPostProcessorChecker : Bean 'methodSecurityMetadataSource' of type [org.springframework.security.access.method.DelegatingMethodSecurityMetadataSource] is not eligible for getting processed by all BeanPostProcessors (for example: not eligible for auto-proxying)
2021-06-25 11:04:43.250  INFO 58540 --- [main] o.s.b.w.embedded.tomcat.TomcatWebServer  : Tomcat initialized with port(s): 8080 (http)
2021-06-25 11:04:43.263  INFO 58540 --- [main] o.apache.catalina.core.StandardService   : Starting service [Tomcat]
2021-06-25 11:04:43.263  INFO 58540 --- [main] org.apache.catalina.core.StandardEngine  : Starting Servlet engine: [Apache Tomcat/9.0.46]
2021-06-25 11:04:43.689  INFO 58540 --- [main] org.apache.jasper.servlet.TldScanner     : At least one JAR was scanned for TLDs yet contained no TLDs. Enable debug logging for this logger for a complete list of JARs that were scanned but no TLDs were found in them. Skipping unneeded JARs during scanning can improve startup time and JSP compilation time.
2021-06-25 11:04:43.697  INFO 58540 --- [main] o.a.c.c.C.[Tomcat].[localhost].[/boot]   : Initializing Spring embedded WebApplicationContext
2021-06-25 11:04:43.698  INFO 58540 --- [main] w.s.c.ServletWebServerApplicationContext : Root WebApplicationContext: initialization completed in 2361 ms
2021-06-25 11:04:43.826  INFO 58540 --- [main] com.zaxxer.hikari.HikariDataSource       : HikariPool-1 - Starting...
2021-06-25 11:04:43.947  INFO 58540 --- [main] com.zaxxer.hikari.HikariDataSource       : HikariPool-1 - Start completed.
2021-06-25 11:04:44.052  INFO 58540 --- [main] o.hibernate.jpa.internal.util.LogHelper  : HHH000204: Processing PersistenceUnitInfo [name: default]
2021-06-25 11:04:44.141  INFO 58540 --- [main] org.hibernate.Version                    : HHH000412: Hibernate ORM core version 5.4.32.Final
2021-06-25 11:04:44.298  INFO 58540 --- [main] o.hibernate.annotations.common.Version   : HCANN000001: Hibernate Commons Annotations {5.1.2.Final}
2021-06-25 11:04:44.446  INFO 58540 --- [main] org.hibernate.dialect.Dialect            : HHH000400: Using dialect: org.hibernate.dialect.PostgreSQL10Dialect
2021-06-25 11:04:45.542  INFO 58540 --- [main] o.h.e.t.j.p.i.JtaPlatformInitiator       : HHH000490: Using JtaPlatform implementation: [org.hibernate.engine.transaction.jta.platform.internal.NoJtaPlatform]
2021-06-25 11:04:45.552  INFO 58540 --- [main] j.LocalContainerEntityManagerFactoryBean : Initialized JPA EntityManagerFactory for persistence unit 'default'
2021-06-25 11:04:45.600  WARN 58540 --- [main] JpaBaseConfiguration$JpaWebConfiguration : spring.jpa.open-in-view is enabled by default. Therefore, database queries may be performed during view rendering. Explicitly configure spring.jpa.open-in-view to disable this warning
2021-06-25 11:04:47.311  INFO 58540 --- [main] o.s.s.web.DefaultSecurityFilterChain     : Will secure Ant [pattern='/images/**'] with []
2021-06-25 11:04:47.311  INFO 58540 --- [main] o.s.s.web.DefaultSecurityFilterChain     : Will secure Ant [pattern='/css/**'] with []
2021-06-25 11:04:47.311  INFO 58540 --- [main] o.s.s.web.DefaultSecurityFilterChain     : Will secure Ant [pattern='/js/**'] with []
2021-06-25 11:04:47.362  INFO 58540 --- [main] o.s.s.web.DefaultSecurityFilterChain     : Will secure Ant [pattern='/**'] with [org.springframework.security.web.context.request.async.WebAsyncManagerIntegrationFilter@fb2c2f3, org.springframework.security.web.context.SecurityContextPersistenceFilter@2fa47368, org.springframework.security.web.header.HeaderWriterFilter@1ea96ff2, org.springframework.security.web.csrf.CsrfFilter@1e000a17, org.springframework.security.web.authentication.logout.LogoutFilter@534fc1f7, org.springframework.security.web.authentication.UsernamePasswordAuthenticationFilter@401b67a9, org.springframework.security.web.authentication.www.BasicAuthenticationFilter@646d58cd, org.springframework.security.web.savedrequest.RequestCacheAwareFilter@5e9ea380, org.springframework.security.web.servletapi.SecurityContextHolderAwareRequestFilter@785d6a98, org.springframework.security.web.authentication.AnonymousAuthenticationFilter@148fca83, org.springframework.security.web.session.SessionManagementFilter@57515944, org.springframework.security.web.access.ExceptionTranslationFilter@1124dd79, org.springframework.security.web.access.intercept.FilterSecurityInterceptor@11582db6]
2021-06-25 11:04:47.480  INFO 58540 --- [main] o.s.b.w.embedded.tomcat.TomcatWebServer  : Tomcat started on port(s): 8080 (http) with context path '/boot'
2021-06-25 11:04:47.494  INFO 58540 --- [main] formation.sopra.springBoot.Application   : Started Application in 6.775 seconds (JVM running for 7.591)
2021-06-25 11:04:47.497  INFO 58540 --- [main] f.s.springBoot.services.ConsoleService   : Info
2021-06-25 11:04:47.497  WARN 58540 --- [main] f.s.springBoot.services.ConsoleService   : Warn
2021-06-25 11:04:47.498 ERROR 58540 --- [main] f.s.springBoot.services.ConsoleService   : Error
2021-06-25 11:04:55.352  INFO 58540 --- [http-nio-8080-exec-2] o.a.c.c.C.[Tomcat].[localhost].[/boot]   : Initializing Spring DispatcherServlet 'dispatcherServlet'
2021-06-25 11:04:55.353  INFO 58540 --- [http-nio-8080-exec-2] o.s.web.servlet.DispatcherServlet        : Initializing Servlet 'dispatcherServlet'
2021-06-25 11:04:55.355  INFO 58540 --- [http-nio-8080-exec-2] o.s.web.servlet.DispatcherServlet        : Completed initialization in 2 ms
2021-06-25 11:07:26.692  INFO 58540 --- [RMI TCP Connection(13)-127.0.0.1] inMXBeanRegistrar$SpringApplicationAdmin : Application shutdown requested.
2021-06-25 11:07:26.742  INFO 58540 --- [RMI TCP Connection(13)-127.0.0.1] j.LocalContainerEntityManagerFactoryBean : Closing JPA EntityManagerFactory for persistence unit 'default'
2021-06-25 11:07:26.748  INFO 58540 --- [RMI TCP Connection(13)-127.0.0.1] com.zaxxer.hikari.HikariDataSource       : HikariPool-1 - Shutdown initiated...
2021-06-25 11:07:26.753  INFO 58540 --- [RMI TCP Connection(13)-127.0.0.1] com.zaxxer.hikari.HikariDataSource       : HikariPool-1 - Shutdown completed.
2021-06-25 11:07:29.244  INFO 58635 --- [main] formation.sopra.springBoot.Application   : Starting Application using Java 1.8.0_31 on macOlivier with PID 58635 (/Users/olivier/Documents/sopra20210525.nosync/Sopra-210413/Workspace/springBoot/target/classes started by olivier in /Users/olivier/Documents/sopra20210525.nosync/Sopra-210413/Workspace/springBoot)
2021-06-25 11:07:29.248  INFO 58635 --- [main] formation.sopra.springBoot.Application   : No active profile set, falling back to default profiles: default
2021-06-25 11:07:30.298  INFO 58635 --- [main] .s.d.r.c.RepositoryConfigurationDelegate : Bootstrapping Spring Data JPA repositories in DEFAULT mode.
2021-06-25 11:07:30.514  INFO 58635 --- [main] .s.d.r.c.RepositoryConfigurationDelegate : Finished Spring Data repository scanning in 205 ms. Found 6 JPA repository interfaces.
2021-06-25 11:07:31.266  INFO 58635 --- [main] trationDelegate$BeanPostProcessorChecker : Bean 'org.springframework.security.access.expression.method.DefaultMethodSecurityExpressionHandler@415156bf' of type [org.springframework.security.access.expression.method.DefaultMethodSecurityExpressionHandler] is not eligible for getting processed by all BeanPostProcessors (for example: not eligible for auto-proxying)
2021-06-25 11:07:31.272  INFO 58635 --- [main] trationDelegate$BeanPostProcessorChecker : Bean 'methodSecurityMetadataSource' of type [org.springframework.security.access.method.DelegatingMethodSecurityMetadataSource] is not eligible for getting processed by all BeanPostProcessors (for example: not eligible for auto-proxying)
2021-06-25 11:07:31.722  INFO 58635 --- [main] o.s.b.w.embedded.tomcat.TomcatWebServer  : Tomcat initialized with port(s): 8080 (http)
2021-06-25 11:07:31.738  INFO 58635 --- [main] o.apache.catalina.core.StandardService   : Starting service [Tomcat]
2021-06-25 11:07:31.739  INFO 58635 --- [main] org.apache.catalina.core.StandardEngine  : Starting Servlet engine: [Apache Tomcat/9.0.46]
2021-06-25 11:07:32.192  INFO 58635 --- [main] org.apache.jasper.servlet.TldScanner     : At least one JAR was scanned for TLDs yet contained no TLDs. Enable debug logging for this logger for a complete list of JARs that were scanned but no TLDs were found in them. Skipping unneeded JARs during scanning can improve startup time and JSP compilation time.
2021-06-25 11:07:32.199  INFO 58635 --- [main] o.a.c.c.C.[Tomcat].[localhost].[/boot]   : Initializing Spring embedded WebApplicationContext
2021-06-25 11:07:32.200  INFO 58635 --- [main] w.s.c.ServletWebServerApplicationContext : Root WebApplicationContext: initialization completed in 2886 ms
2021-06-25 11:07:32.374  INFO 58635 --- [main] com.zaxxer.hikari.HikariDataSource       : HikariPool-1 - Starting...
2021-06-25 11:07:32.601  INFO 58635 --- [main] com.zaxxer.hikari.HikariDataSource       : HikariPool-1 - Start completed.
2021-06-25 11:07:32.692  INFO 58635 --- [main] o.hibernate.jpa.internal.util.LogHelper  : HHH000204: Processing PersistenceUnitInfo [name: default]
2021-06-25 11:07:32.782  INFO 58635 --- [main] org.hibernate.Version                    : HHH000412: Hibernate ORM core version 5.4.32.Final
2021-06-25 11:07:33.003  INFO 58635 --- [main] o.hibernate.annotations.common.Version   : HCANN000001: Hibernate Commons Annotations {5.1.2.Final}
2021-06-25 11:07:33.239  INFO 58635 --- [main] org.hibernate.dialect.Dialect            : HHH000400: Using dialect: org.hibernate.dialect.PostgreSQL10Dialect
2021-06-25 11:07:34.673  INFO 58635 --- [main] o.h.e.t.j.p.i.JtaPlatformInitiator       : HHH000490: Using JtaPlatform implementation: [org.hibernate.engine.transaction.jta.platform.internal.NoJtaPlatform]
2021-06-25 11:07:34.683  INFO 58635 --- [main] j.LocalContainerEntityManagerFactoryBean : Initialized JPA EntityManagerFactory for persistence unit 'default'
2021-06-25 11:07:34.731  WARN 58635 --- [main] JpaBaseConfiguration$JpaWebConfiguration : spring.jpa.open-in-view is enabled by default. Therefore, database queries may be performed during view rendering. Explicitly configure spring.jpa.open-in-view to disable this warning
2021-06-25 11:07:37.131  INFO 58635 --- [main] o.s.s.web.DefaultSecurityFilterChain     : Will secure Ant [pattern='/images/**'] with []
2021-06-25 11:07:37.132  INFO 58635 --- [main] o.s.s.web.DefaultSecurityFilterChain     : Will secure Ant [pattern='/css/**'] with []
2021-06-25 11:07:37.132  INFO 58635 --- [main] o.s.s.web.DefaultSecurityFilterChain     : Will secure Ant [pattern='/js/**'] with []
2021-06-25 11:07:37.225  INFO 58635 --- [main] o.s.s.web.DefaultSecurityFilterChain     : Will secure Ant [pattern='/**'] with [org.springframework.security.web.context.request.async.WebAsyncManagerIntegrationFilter@5d93ff21, org.springframework.security.web.context.SecurityContextPersistenceFilter@924f3f1, org.springframework.security.web.header.HeaderWriterFilter@1ba7db2a, org.springframework.security.web.csrf.CsrfFilter@4c79ca55, org.springframework.security.web.authentication.logout.LogoutFilter@6879e983, org.springframework.security.web.authentication.UsernamePasswordAuthenticationFilter@601d9f3a, org.springframework.security.web.authentication.www.BasicAuthenticationFilter@2133b712, org.springframework.security.web.savedrequest.RequestCacheAwareFilter@77a4bac, org.springframework.security.web.servletapi.SecurityContextHolderAwareRequestFilter@279e1422, org.springframework.security.web.authentication.AnonymousAuthenticationFilter@51fb5fe6, org.springframework.security.web.session.SessionManagementFilter@54e94de9, org.springframework.security.web.access.ExceptionTranslationFilter@12e3f4ae, org.springframework.security.web.access.intercept.FilterSecurityInterceptor@1d5bb5c]
2021-06-25 11:07:37.452  INFO 58635 --- [main] o.s.b.w.embedded.tomcat.TomcatWebServer  : Tomcat started on port(s): 8080 (http) with context path '/boot'
2021-06-25 11:07:37.475  INFO 58635 --- [main] formation.sopra.springBoot.Application   : Started Application in 8.952 seconds (JVM running for 9.917)
2021-06-25 11:07:37.483  INFO 58635 --- [main] f.s.springBoot.services.ConsoleService   : Info
2021-06-25 11:07:37.483  WARN 58635 --- [main] f.s.springBoot.services.ConsoleService   : Warn
2021-06-25 11:07:37.483 ERROR 58635 --- [main] f.s.springBoot.services.ConsoleService   : Error
2021-06-25 11:07:45.999  INFO 58635 --- [http-nio-8080-exec-2] o.a.c.c.C.[Tomcat].[localhost].[/boot]   : Initializing Spring DispatcherServlet 'dispatcherServlet'
2021-06-25 11:07:45.999  INFO 58635 --- [http-nio-8080-exec-2] o.s.web.servlet.DispatcherServlet        : Initializing Servlet 'dispatcherServlet'
2021-06-25 11:07:46.014  INFO 58635 --- [http-nio-8080-exec-2] o.s.web.servlet.DispatcherServlet        : Completed initialization in 14 ms
2021-06-25 11:09:27.385  INFO 58635 --- [RMI TCP Connection(12)-127.0.0.1] inMXBeanRegistrar$SpringApplicationAdmin : Application shutdown requested.
2021-06-25 11:09:27.419  INFO 58635 --- [RMI TCP Connection(12)-127.0.0.1] j.LocalContainerEntityManagerFactoryBean : Closing JPA EntityManagerFactory for persistence unit 'default'
2021-06-25 11:09:27.421  INFO 58635 --- [RMI TCP Connection(12)-127.0.0.1] com.zaxxer.hikari.HikariDataSource       : HikariPool-1 - Shutdown initiated...
2021-06-25 11:09:27.426  INFO 58635 --- [RMI TCP Connection(12)-127.0.0.1] com.zaxxer.hikari.HikariDataSource       : HikariPool-1 - Shutdown completed.
2021-06-25 11:09:29.378  INFO 58687 --- [main] formation.sopra.springBoot.Application   : Starting Application using Java 1.8.0_31 on macOlivier with PID 58687 (/Users/olivier/Documents/sopra20210525.nosync/Sopra-210413/Workspace/springBoot/target/classes started by olivier in /Users/olivier/Documents/sopra20210525.nosync/Sopra-210413/Workspace/springBoot)
2021-06-25 11:09:29.381  INFO 58687 --- [main] formation.sopra.springBoot.Application   : No active profile set, falling back to default profiles: default
2021-06-25 11:09:30.427  INFO 58687 --- [main] .s.d.r.c.RepositoryConfigurationDelegate : Bootstrapping Spring Data JPA repositories in DEFAULT mode.
2021-06-25 11:09:30.534  INFO 58687 --- [main] .s.d.r.c.RepositoryConfigurationDelegate : Finished Spring Data repository scanning in 98 ms. Found 6 JPA repository interfaces.
2021-06-25 11:09:31.032  INFO 58687 --- [main] trationDelegate$BeanPostProcessorChecker : Bean 'org.springframework.security.access.expression.method.DefaultMethodSecurityExpressionHandler@677b8e13' of type [org.springframework.security.access.expression.method.DefaultMethodSecurityExpressionHandler] is not eligible for getting processed by all BeanPostProcessors (for example: not eligible for auto-proxying)
2021-06-25 11:09:31.042  INFO 58687 --- [main] trationDelegate$BeanPostProcessorChecker : Bean 'methodSecurityMetadataSource' of type [org.springframework.security.access.method.DelegatingMethodSecurityMetadataSource] is not eligible for getting processed by all BeanPostProcessors (for example: not eligible for auto-proxying)
2021-06-25 11:09:31.420  INFO 58687 --- [main] o.s.b.w.embedded.tomcat.TomcatWebServer  : Tomcat initialized with port(s): 8080 (http)
2021-06-25 11:09:31.432  INFO 58687 --- [main] o.apache.catalina.core.StandardService   : Starting service [Tomcat]
2021-06-25 11:09:31.432  INFO 58687 --- [main] org.apache.catalina.core.StandardEngine  : Starting Servlet engine: [Apache Tomcat/9.0.46]
2021-06-25 11:09:31.786  INFO 58687 --- [main] org.apache.jasper.servlet.TldScanner     : At least one JAR was scanned for TLDs yet contained no TLDs. Enable debug logging for this logger for a complete list of JARs that were scanned but no TLDs were found in them. Skipping unneeded JARs during scanning can improve startup time and JSP compilation time.
2021-06-25 11:09:31.793  INFO 58687 --- [main] o.a.c.c.C.[Tomcat].[localhost].[/boot]   : Initializing Spring embedded WebApplicationContext
2021-06-25 11:09:31.794  INFO 58687 --- [main] w.s.c.ServletWebServerApplicationContext : Root WebApplicationContext: initialization completed in 2354 ms
2021-06-25 11:09:31.917  INFO 58687 --- [main] com.zaxxer.hikari.HikariDataSource       : HikariPool-1 - Starting...
2021-06-25 11:09:32.052  INFO 58687 --- [main] com.zaxxer.hikari.HikariDataSource       : HikariPool-1 - Start completed.
2021-06-25 11:09:32.149  INFO 58687 --- [main] o.hibernate.jpa.internal.util.LogHelper  : HHH000204: Processing PersistenceUnitInfo [name: default]
2021-06-25 11:09:32.237  INFO 58687 --- [main] org.hibernate.Version                    : HHH000412: Hibernate ORM core version 5.4.32.Final
2021-06-25 11:09:32.415  INFO 58687 --- [main] o.hibernate.annotations.common.Version   : HCANN000001: Hibernate Commons Annotations {5.1.2.Final}
2021-06-25 11:09:32.558  INFO 58687 --- [main] org.hibernate.dialect.Dialect            : HHH000400: Using dialect: org.hibernate.dialect.PostgreSQL10Dialect
2021-06-25 11:09:33.638  INFO 58687 --- [main] o.h.e.t.j.p.i.JtaPlatformInitiator       : HHH000490: Using JtaPlatform implementation: [org.hibernate.engine.transaction.jta.platform.internal.NoJtaPlatform]
2021-06-25 11:09:33.648  INFO 58687 --- [main] j.LocalContainerEntityManagerFactoryBean : Initialized JPA EntityManagerFactory for persistence unit 'default'
2021-06-25 11:09:33.702  WARN 58687 --- [main] JpaBaseConfiguration$JpaWebConfiguration : spring.jpa.open-in-view is enabled by default. Therefore, database queries may be performed during view rendering. Explicitly configure spring.jpa.open-in-view to disable this warning
2021-06-25 11:09:35.606  INFO 58687 --- [main] o.s.s.web.DefaultSecurityFilterChain     : Will secure Ant [pattern='/images/**'] with []
2021-06-25 11:09:35.606  INFO 58687 --- [main] o.s.s.web.DefaultSecurityFilterChain     : Will secure Ant [pattern='/css/**'] with []
2021-06-25 11:09:35.606  INFO 58687 --- [main] o.s.s.web.DefaultSecurityFilterChain     : Will secure Ant [pattern='/js/**'] with []
2021-06-25 11:09:35.667  INFO 58687 --- [main] o.s.s.web.DefaultSecurityFilterChain     : Will secure Ant [pattern='/**'] with [org.springframework.security.web.context.request.async.WebAsyncManagerIntegrationFilter@38b54694, org.springframework.security.web.context.SecurityContextPersistenceFilter@76ed7573, org.springframework.security.web.header.HeaderWriterFilter@451af781, org.springframework.security.web.csrf.CsrfFilter@1eabfad5, org.springframework.security.web.authentication.logout.LogoutFilter@7bb25046, org.springframework.security.web.authentication.UsernamePasswordAuthenticationFilter@77e730bd, org.springframework.security.web.authentication.www.BasicAuthenticationFilter@3c3cd7a5, org.springframework.security.web.savedrequest.RequestCacheAwareFilter@517bdce0, org.springframework.security.web.servletapi.SecurityContextHolderAwareRequestFilter@46e6458d, org.springframework.security.web.authentication.AnonymousAuthenticationFilter@7619fbe7, org.springframework.security.web.session.SessionManagementFilter@32e65852, org.springframework.security.web.access.ExceptionTranslationFilter@521c67f0, org.springframework.security.web.access.intercept.FilterSecurityInterceptor@196d684b]
2021-06-25 11:09:35.803  INFO 58687 --- [main] o.s.b.w.embedded.tomcat.TomcatWebServer  : Tomcat started on port(s): 8080 (http) with context path '/boot'
2021-06-25 11:09:35.817  INFO 58687 --- [main] formation.sopra.springBoot.Application   : Started Application in 6.921 seconds (JVM running for 7.641)
2021-06-25 11:09:35.820  INFO 58687 --- [main] f.s.springBoot.services.ConsoleService   : Info
2021-06-25 11:09:35.821  WARN 58687 --- [main] f.s.springBoot.services.ConsoleService   : Warn
2021-06-25 11:09:35.821 ERROR 58687 --- [main] f.s.springBoot.services.ConsoleService   : Error
2021-06-25 11:10:16.416  INFO 58687 --- [RMI TCP Connection(10)-127.0.0.1] inMXBeanRegistrar$SpringApplicationAdmin : Application shutdown requested.
2021-06-25 11:10:16.459  INFO 58687 --- [RMI TCP Connection(10)-127.0.0.1] j.LocalContainerEntityManagerFactoryBean : Closing JPA EntityManagerFactory for persistence unit 'default'
2021-06-25 11:10:16.462  INFO 58687 --- [RMI TCP Connection(10)-127.0.0.1] com.zaxxer.hikari.HikariDataSource       : HikariPool-1 - Shutdown initiated...
2021-06-25 11:10:16.464  INFO 58687 --- [RMI TCP Connection(10)-127.0.0.1] com.zaxxer.hikari.HikariDataSource       : HikariPool-1 - Shutdown completed.
2021-06-25 11:10:18.439  INFO 58724 --- [main] formation.sopra.springBoot.Application   : Starting Application using Java 1.8.0_31 on macOlivier with PID 58724 (/Users/olivier/Documents/sopra20210525.nosync/Sopra-210413/Workspace/springBoot/target/classes started by olivier in /Users/olivier/Documents/sopra20210525.nosync/Sopra-210413/Workspace/springBoot)
2021-06-25 11:10:18.455  INFO 58724 --- [main] formation.sopra.springBoot.Application   : No active profile set, falling back to default profiles: default
2021-06-25 11:10:19.643  INFO 58724 --- [main] .s.d.r.c.RepositoryConfigurationDelegate : Bootstrapping Spring Data JPA repositories in DEFAULT mode.
2021-06-25 11:10:19.757  INFO 58724 --- [main] .s.d.r.c.RepositoryConfigurationDelegate : Finished Spring Data repository scanning in 99 ms. Found 6 JPA repository interfaces.
2021-06-25 11:10:20.327  INFO 58724 --- [main] trationDelegate$BeanPostProcessorChecker : Bean 'org.springframework.security.access.expression.method.DefaultMethodSecurityExpressionHandler@25d3cfc8' of type [org.springframework.security.access.expression.method.DefaultMethodSecurityExpressionHandler] is not eligible for getting processed by all BeanPostProcessors (for example: not eligible for auto-proxying)
2021-06-25 11:10:20.339  INFO 58724 --- [main] trationDelegate$BeanPostProcessorChecker : Bean 'methodSecurityMetadataSource' of type [org.springframework.security.access.method.DelegatingMethodSecurityMetadataSource] is not eligible for getting processed by all BeanPostProcessors (for example: not eligible for auto-proxying)
2021-06-25 11:10:20.721  INFO 58724 --- [main] o.s.b.w.embedded.tomcat.TomcatWebServer  : Tomcat initialized with port(s): 8080 (http)
2021-06-25 11:10:20.734  INFO 58724 --- [main] o.apache.catalina.core.StandardService   : Starting service [Tomcat]
2021-06-25 11:10:20.734  INFO 58724 --- [main] org.apache.catalina.core.StandardEngine  : Starting Servlet engine: [Apache Tomcat/9.0.46]
2021-06-25 11:10:21.164  INFO 58724 --- [main] org.apache.jasper.servlet.TldScanner     : At least one JAR was scanned for TLDs yet contained no TLDs. Enable debug logging for this logger for a complete list of JARs that were scanned but no TLDs were found in them. Skipping unneeded JARs during scanning can improve startup time and JSP compilation time.
2021-06-25 11:10:21.176  INFO 58724 --- [main] o.a.c.c.C.[Tomcat].[localhost].[/boot]   : Initializing Spring embedded WebApplicationContext
2021-06-25 11:10:21.176  INFO 58724 --- [main] w.s.c.ServletWebServerApplicationContext : Root WebApplicationContext: initialization completed in 2667 ms
2021-06-25 11:10:21.331  INFO 58724 --- [main] com.zaxxer.hikari.HikariDataSource       : HikariPool-1 - Starting...
2021-06-25 11:10:21.460  INFO 58724 --- [main] com.zaxxer.hikari.HikariDataSource       : HikariPool-1 - Start completed.
2021-06-25 11:10:21.610  INFO 58724 --- [main] o.hibernate.jpa.internal.util.LogHelper  : HHH000204: Processing PersistenceUnitInfo [name: default]
2021-06-25 11:10:21.687  INFO 58724 --- [main] org.hibernate.Version                    : HHH000412: Hibernate ORM core version 5.4.32.Final
2021-06-25 11:10:21.933  INFO 58724 --- [main] o.hibernate.annotations.common.Version   : HCANN000001: Hibernate Commons Annotations {5.1.2.Final}
2021-06-25 11:10:22.123  INFO 58724 --- [main] org.hibernate.dialect.Dialect            : HHH000400: Using dialect: org.hibernate.dialect.PostgreSQL10Dialect
2021-06-25 11:10:23.769  INFO 58724 --- [main] o.h.e.t.j.p.i.JtaPlatformInitiator       : HHH000490: Using JtaPlatform implementation: [org.hibernate.engine.transaction.jta.platform.internal.NoJtaPlatform]
2021-06-25 11:10:23.785  INFO 58724 --- [main] j.LocalContainerEntityManagerFactoryBean : Initialized JPA EntityManagerFactory for persistence unit 'default'
2021-06-25 11:10:23.887  WARN 58724 --- [main] JpaBaseConfiguration$JpaWebConfiguration : spring.jpa.open-in-view is enabled by default. Therefore, database queries may be performed during view rendering. Explicitly configure spring.jpa.open-in-view to disable this warning
2021-06-25 11:10:26.009  INFO 58724 --- [main] o.s.s.web.DefaultSecurityFilterChain     : Will secure Ant [pattern='/images/**'] with []
2021-06-25 11:10:26.009  INFO 58724 --- [main] o.s.s.web.DefaultSecurityFilterChain     : Will secure Ant [pattern='/css/**'] with []
2021-06-25 11:10:26.009  INFO 58724 --- [main] o.s.s.web.DefaultSecurityFilterChain     : Will secure Ant [pattern='/js/**'] with []
2021-06-25 11:10:26.063  INFO 58724 --- [main] o.s.s.web.DefaultSecurityFilterChain     : Will secure Ant [pattern='/**'] with [org.springframework.security.web.context.request.async.WebAsyncManagerIntegrationFilter@1e50eb3f, org.springframework.security.web.context.SecurityContextPersistenceFilter@1d1c63af, org.springframework.security.web.header.HeaderWriterFilter@4a5066f5, org.springframework.security.web.csrf.CsrfFilter@5d5ae6aa, org.springframework.security.web.authentication.logout.LogoutFilter@4ec27c4c, org.springframework.security.web.authentication.UsernamePasswordAuthenticationFilter@2fa47368, org.springframework.security.web.authentication.www.BasicAuthenticationFilter@60a99f3d, org.springframework.security.web.savedrequest.RequestCacheAwareFilter@3909a854, org.springframework.security.web.servletapi.SecurityContextHolderAwareRequestFilter@7fbbdd8a, org.springframework.security.web.authentication.AnonymousAuthenticationFilter@12e3f4ae, org.springframework.security.web.session.SessionManagementFilter@1191029d, org.springframework.security.web.access.ExceptionTranslationFilter@66b40dd3, org.springframework.security.web.access.intercept.FilterSecurityInterceptor@4b22214d]
2021-06-25 11:10:26.195  INFO 58724 --- [main] o.s.b.w.embedded.tomcat.TomcatWebServer  : Tomcat started on port(s): 8080 (http) with context path '/boot'
2021-06-25 11:10:26.207  INFO 58724 --- [main] formation.sopra.springBoot.Application   : Started Application in 8.251 seconds (JVM running for 8.992)
2021-06-25 11:10:26.211  INFO 58724 --- [main] f.s.springBoot.services.ConsoleService   : Info
2021-06-25 11:10:26.212  WARN 58724 --- [main] f.s.springBoot.services.ConsoleService   : Warn
2021-06-25 11:10:26.212 ERROR 58724 --- [main] f.s.springBoot.services.ConsoleService   : Error
2021-06-25 11:10:27.209  INFO 58724 --- [http-nio-8080-exec-1] o.a.c.c.C.[Tomcat].[localhost].[/boot]   : Initializing Spring DispatcherServlet 'dispatcherServlet'
2021-06-25 11:10:27.217  INFO 58724 --- [http-nio-8080-exec-1] o.s.web.servlet.DispatcherServlet        : Initializing Servlet 'dispatcherServlet'
2021-06-25 11:10:27.221  INFO 58724 --- [http-nio-8080-exec-1] o.s.web.servlet.DispatcherServlet        : Completed initialization in 3 ms
2021-06-25 13:40:19.666  WARN 58724 --- [HikariPool-1 housekeeper] com.zaxxer.hikari.pool.HikariPool        : HikariPool-1 - Thread starvation or clock leap detected (housekeeper delta=1h11m27s502ms).
2021-06-25 13:56:38.154  WARN 58724 --- [HikariPool-1 housekeeper] com.zaxxer.hikari.pool.HikariPool        : HikariPool-1 - Thread starvation or clock leap detected (housekeeper delta=11m48s276ms).
2021-06-25 16:36:05.701  INFO 58724 --- [RMI TCP Connection(258)-127.0.0.1] inMXBeanRegistrar$SpringApplicationAdmin : Application shutdown requested.
2021-06-25 16:36:06.051  INFO 58724 --- [RMI TCP Connection(258)-127.0.0.1] j.LocalContainerEntityManagerFactoryBean : Closing JPA EntityManagerFactory for persistence unit 'default'
2021-06-25 16:36:06.109  INFO 58724 --- [RMI TCP Connection(258)-127.0.0.1] com.zaxxer.hikari.HikariDataSource       : HikariPool-1 - Shutdown initiated...
2021-06-25 16:36:06.134  INFO 58724 --- [RMI TCP Connection(258)-127.0.0.1] com.zaxxer.hikari.HikariDataSource       : HikariPool-1 - Shutdown completed.
2021-06-25 16:36:09.411  INFO 93587 --- [main] formation.sopra.springBoot.Application   : Starting Application using Java 1.8.0_31 on macOlivier with PID 93587 (/Users/olivier/Documents/sopra20210525.nosync/Sopra-210413/Workspace/springBoot/target/classes started by olivier in /Users/olivier/Documents/sopra20210525.nosync/Sopra-210413/Workspace/springBoot)
2021-06-25 16:36:09.416  INFO 93587 --- [main] formation.sopra.springBoot.Application   : No active profile set, falling back to default profiles: default
2021-06-25 16:36:11.389  INFO 93587 --- [main] .s.d.r.c.RepositoryConfigurationDelegate : Bootstrapping Spring Data JPA repositories in DEFAULT mode.
2021-06-25 16:36:11.513  INFO 93587 --- [main] .s.d.r.c.RepositoryConfigurationDelegate : Finished Spring Data repository scanning in 112 ms. Found 6 JPA repository interfaces.
2021-06-25 16:36:12.412  INFO 93587 --- [main] trationDelegate$BeanPostProcessorChecker : Bean 'org.springframework.security.access.expression.method.DefaultMethodSecurityExpressionHandler@20ed3303' of type [org.springframework.security.access.expression.method.DefaultMethodSecurityExpressionHandler] is not eligible for getting processed by all BeanPostProcessors (for example: not eligible for auto-proxying)
2021-06-25 16:36:12.479  INFO 93587 --- [main] trationDelegate$BeanPostProcessorChecker : Bean 'methodSecurityMetadataSource' of type [org.springframework.security.access.method.DelegatingMethodSecurityMetadataSource] is not eligible for getting processed by all BeanPostProcessors (for example: not eligible for auto-proxying)
2021-06-25 16:36:13.220  INFO 93587 --- [main] o.s.b.w.embedded.tomcat.TomcatWebServer  : Tomcat initialized with port(s): 8080 (http)
2021-06-25 16:36:13.247  INFO 93587 --- [main] o.apache.catalina.core.StandardService   : Starting service [Tomcat]
2021-06-25 16:36:13.247  INFO 93587 --- [main] org.apache.catalina.core.StandardEngine  : Starting Servlet engine: [Apache Tomcat/9.0.46]
2021-06-25 16:36:14.006  INFO 93587 --- [main] org.apache.jasper.servlet.TldScanner     : At least one JAR was scanned for TLDs yet contained no TLDs. Enable debug logging for this logger for a complete list of JARs that were scanned but no TLDs were found in them. Skipping unneeded JARs during scanning can improve startup time and JSP compilation time.
2021-06-25 16:36:14.017  INFO 93587 --- [main] o.a.c.c.C.[Tomcat].[localhost].[/boot]   : Initializing Spring embedded WebApplicationContext
2021-06-25 16:36:14.017  INFO 93587 --- [main] w.s.c.ServletWebServerApplicationContext : Root WebApplicationContext: initialization completed in 4470 ms
2021-06-25 16:36:14.300  INFO 93587 --- [main] com.zaxxer.hikari.HikariDataSource       : HikariPool-1 - Starting...
2021-06-25 16:36:14.664  INFO 93587 --- [main] com.zaxxer.hikari.HikariDataSource       : HikariPool-1 - Start completed.
2021-06-25 16:36:15.189  INFO 93587 --- [main] o.hibernate.jpa.internal.util.LogHelper  : HHH000204: Processing PersistenceUnitInfo [name: default]
2021-06-25 16:36:15.442  INFO 93587 --- [main] org.hibernate.Version                    : HHH000412: Hibernate ORM core version 5.4.32.Final
2021-06-25 16:36:15.967  INFO 93587 --- [main] o.hibernate.annotations.common.Version   : HCANN000001: Hibernate Commons Annotations {5.1.2.Final}
2021-06-25 16:36:16.316  INFO 93587 --- [main] org.hibernate.dialect.Dialect            : HHH000400: Using dialect: org.hibernate.dialect.PostgreSQL10Dialect
2021-06-25 16:36:20.471  INFO 93587 --- [main] o.h.e.t.j.p.i.JtaPlatformInitiator       : HHH000490: Using JtaPlatform implementation: [org.hibernate.engine.transaction.jta.platform.internal.NoJtaPlatform]
2021-06-25 16:36:20.621  INFO 93587 --- [main] j.LocalContainerEntityManagerFactoryBean : Initialized JPA EntityManagerFactory for persistence unit 'default'
2021-06-25 16:36:20.717  WARN 93587 --- [main] JpaBaseConfiguration$JpaWebConfiguration : spring.jpa.open-in-view is enabled by default. Therefore, database queries may be performed during view rendering. Explicitly configure spring.jpa.open-in-view to disable this warning
2021-06-25 16:36:25.787  INFO 93587 --- [main] o.s.s.web.DefaultSecurityFilterChain     : Will secure Ant [pattern='/images/**'] with []
2021-06-25 16:36:25.790  INFO 93587 --- [main] o.s.s.web.DefaultSecurityFilterChain     : Will secure Ant [pattern='/css/**'] with []
2021-06-25 16:36:25.791  INFO 93587 --- [main] o.s.s.web.DefaultSecurityFilterChain     : Will secure Ant [pattern='/js/**'] with []
2021-06-25 16:36:25.931  INFO 93587 --- [main] o.s.s.web.DefaultSecurityFilterChain     : Will secure Ant [pattern='/**'] with [org.springframework.security.web.context.request.async.WebAsyncManagerIntegrationFilter@4bb9f7d4, org.springframework.security.web.context.SecurityContextPersistenceFilter@54f69311, org.springframework.security.web.header.HeaderWriterFilter@126af200, org.springframework.security.web.csrf.CsrfFilter@6150afc6, org.springframework.security.web.authentication.logout.LogoutFilter@35841d6, org.springframework.security.web.authentication.UsernamePasswordAuthenticationFilter@408d945b, org.springframework.security.web.authentication.www.BasicAuthenticationFilter@146833a2, org.springframework.security.web.savedrequest.RequestCacheAwareFilter@7793b55d, org.springframework.security.web.servletapi.SecurityContextHolderAwareRequestFilter@297c3a43, org.springframework.security.web.authentication.AnonymousAuthenticationFilter@673a9db4, org.springframework.security.web.session.SessionManagementFilter@77d959f1, org.springframework.security.web.access.ExceptionTranslationFilter@7bb25046, org.springframework.security.web.access.intercept.FilterSecurityInterceptor@52d59507]
2021-06-25 16:36:26.159  INFO 93587 --- [main] o.s.b.w.embedded.tomcat.TomcatWebServer  : Tomcat started on port(s): 8080 (http) with context path '/boot'
2021-06-25 16:36:26.190  INFO 93587 --- [main] formation.sopra.springBoot.Application   : Started Application in 17.886 seconds (JVM running for 19.167)
2021-06-25 16:36:26.200  INFO 93587 --- [main] f.s.springBoot.services.ConsoleService   : Info
2021-06-25 16:36:26.200  WARN 93587 --- [main] f.s.springBoot.services.ConsoleService   : Warn
2021-06-25 16:36:26.200 ERROR 93587 --- [main] f.s.springBoot.services.ConsoleService   : Error
2021-06-25 16:36:38.966  INFO 93587 --- [http-nio-8080-exec-2] o.a.c.c.C.[Tomcat].[localhost].[/boot]   : Initializing Spring DispatcherServlet 'dispatcherServlet'
2021-06-25 16:36:38.968  INFO 93587 --- [http-nio-8080-exec-2] o.s.web.servlet.DispatcherServlet        : Initializing Servlet 'dispatcherServlet'
2021-06-25 16:36:38.976  INFO 93587 --- [http-nio-8080-exec-2] o.s.web.servlet.DispatcherServlet        : Completed initialization in 6 ms
2021-06-25 16:36:40.180  WARN 93587 --- [http-nio-8080-exec-2] .w.s.m.s.DefaultHandlerExceptionResolver : Resolved [org.springframework.web.HttpRequestMethodNotSupportedException: Request method 'POST' not supported]
2021-06-25 16:36:48.048 ERROR 93587 --- [http-nio-8080-exec-3] o.a.c.c.C.[.[.[.[dispatcherServlet]      : Servlet.service() for servlet [dispatcherServlet] in context with path [/boot] threw exception [Request processing failed; nested exception is org.springframework.dao.IncorrectResultSizeDataAccessException: query did not return a unique result: 2; nested exception is javax.persistence.NonUniqueResultException: query did not return a unique result: 2] with root cause

javax.persistence.NonUniqueResultException: query did not return a unique result: 2
	at org.hibernate.internal.ExceptionConverterImpl.convert(ExceptionConverterImpl.java:128) ~[hibernate-core-5.4.32.Final.jar:5.4.32.Final]
	at org.hibernate.query.internal.AbstractProducedQuery.getSingleResult(AbstractProducedQuery.java:1659) ~[hibernate-core-5.4.32.Final.jar:5.4.32.Final]
	at org.hibernate.query.criteria.internal.compile.CriteriaQueryTypeQueryAdapter.getSingleResult(CriteriaQueryTypeQueryAdapter.java:111) ~[hibernate-core-5.4.32.Final.jar:5.4.32.Final]
	at org.springframework.data.jpa.repository.query.JpaQueryExecution$SingleEntityExecution.doExecute(JpaQueryExecution.java:196) ~[spring-data-jpa-2.5.1.jar:2.5.1]
	at org.springframework.data.jpa.repository.query.JpaQueryExecution.execute(JpaQueryExecution.java:88) ~[spring-data-jpa-2.5.1.jar:2.5.1]
	at org.springframework.data.jpa.repository.query.AbstractJpaQuery.doExecute(AbstractJpaQuery.java:155) ~[spring-data-jpa-2.5.1.jar:2.5.1]
	at org.springframework.data.jpa.repository.query.AbstractJpaQuery.execute(AbstractJpaQuery.java:143) ~[spring-data-jpa-2.5.1.jar:2.5.1]
	at org.springframework.data.repository.core.support.RepositoryMethodInvoker$RepositoryQueryMethodInvoker$$Lambda$1011/589424697.invoke(Unknown Source) ~[na:na]
	at org.springframework.data.repository.core.support.RepositoryMethodInvoker.doInvoke(RepositoryMethodInvoker.java:137) ~[spring-data-commons-2.5.1.jar:2.5.1]
	at org.springframework.data.repository.core.support.RepositoryMethodInvoker.invoke(RepositoryMethodInvoker.java:121) ~[spring-data-commons-2.5.1.jar:2.5.1]
	at org.springframework.data.repository.core.support.QueryExecutorMethodInterceptor.doInvoke(QueryExecutorMethodInterceptor.java:159) ~[spring-data-commons-2.5.1.jar:2.5.1]
	at org.springframework.data.repository.core.support.QueryExecutorMethodInterceptor.invoke(QueryExecutorMethodInterceptor.java:138) ~[spring-data-commons-2.5.1.jar:2.5.1]
	at org.springframework.aop.framework.ReflectiveMethodInvocation.proceed(ReflectiveMethodInvocation.java:186) ~[spring-aop-5.3.8.jar:5.3.8]
	at org.springframework.data.projection.DefaultMethodInvokingMethodInterceptor.invoke(DefaultMethodInvokingMethodInterceptor.java:80) ~[spring-data-commons-2.5.1.jar:2.5.1]
	at org.springframework.aop.framework.ReflectiveMethodInvocation.proceed(ReflectiveMethodInvocation.java:186) ~[spring-aop-5.3.8.jar:5.3.8]
	at org.springframework.transaction.interceptor.TransactionInterceptor$1.proceedWithInvocation(TransactionInterceptor.java:123) ~[spring-tx-5.3.8.jar:5.3.8]
	at org.springframework.transaction.interceptor.TransactionAspectSupport.invokeWithinTransaction(TransactionAspectSupport.java:388) ~[spring-tx-5.3.8.jar:5.3.8]
	at org.springframework.transaction.interceptor.TransactionInterceptor.invoke(TransactionInterceptor.java:119) ~[spring-tx-5.3.8.jar:5.3.8]
	at org.springframework.aop.framework.ReflectiveMethodInvocation.proceed(ReflectiveMethodInvocation.java:186) ~[spring-aop-5.3.8.jar:5.3.8]
	at org.springframework.dao.support.PersistenceExceptionTranslationInterceptor.invoke(PersistenceExceptionTranslationInterceptor.java:137) ~[spring-tx-5.3.8.jar:5.3.8]
	at org.springframework.aop.framework.ReflectiveMethodInvocation.proceed(ReflectiveMethodInvocation.java:186) ~[spring-aop-5.3.8.jar:5.3.8]
	at org.springframework.data.jpa.repository.support.CrudMethodMetadataPostProcessor$CrudMethodMetadataPopulatingMethodInterceptor.invoke(CrudMethodMetadataPostProcessor.java:145) ~[spring-data-jpa-2.5.1.jar:2.5.1]
	at org.springframework.aop.framework.ReflectiveMethodInvocation.proceed(ReflectiveMethodInvocation.java:186) ~[spring-aop-5.3.8.jar:5.3.8]
	at org.springframework.aop.interceptor.ExposeInvocationInterceptor.invoke(ExposeInvocationInterceptor.java:97) ~[spring-aop-5.3.8.jar:5.3.8]
	at org.springframework.aop.framework.ReflectiveMethodInvocation.proceed(ReflectiveMethodInvocation.java:186) ~[spring-aop-5.3.8.jar:5.3.8]
	at org.springframework.aop.framework.JdkDynamicAopProxy.invoke(JdkDynamicAopProxy.java:215) ~[spring-aop-5.3.8.jar:5.3.8]
	at com.sun.proxy.$Proxy128.findByContact(Unknown Source) ~[na:na]
	at formation.sopra.springBoot.services.FournisseurService.getByContact(FournisseurService.java:61) ~[classes/:na]
	at formation.sopra.springBoot.controller.restController.FournisseurRestController.getByContact(FournisseurRestController.java:45) ~[classes/:na]
	at sun.reflect.NativeMethodAccessorImpl.invoke0(Native Method) ~[na:1.8.0_31]
	at sun.reflect.NativeMethodAccessorImpl.invoke(NativeMethodAccessorImpl.java:62) ~[na:1.8.0_31]
	at sun.reflect.DelegatingMethodAccessorImpl.invoke(DelegatingMethodAccessorImpl.java:43) ~[na:1.8.0_31]
	at java.lang.reflect.Method.invoke(Method.java:483) ~[na:1.8.0_31]
	at org.springframework.web.method.support.InvocableHandlerMethod.doInvoke(InvocableHandlerMethod.java:197) ~[spring-web-5.3.8.jar:5.3.8]
	at org.springframework.web.method.support.InvocableHandlerMethod.invokeForRequest(InvocableHandlerMethod.java:141) ~[spring-web-5.3.8.jar:5.3.8]
	at org.springframework.web.servlet.mvc.method.annotation.ServletInvocableHandlerMethod.invokeAndHandle(ServletInvocableHandlerMethod.java:106) ~[spring-webmvc-5.3.8.jar:5.3.8]
	at org.springframework.web.servlet.mvc.method.annotation.RequestMappingHandlerAdapter.invokeHandlerMethod(RequestMappingHandlerAdapter.java:894) ~[spring-webmvc-5.3.8.jar:5.3.8]
	at org.springframework.web.servlet.mvc.method.annotation.RequestMappingHandlerAdapter.handleInternal(RequestMappingHandlerAdapter.java:808) ~[spring-webmvc-5.3.8.jar:5.3.8]
	at org.springframework.web.servlet.mvc.method.AbstractHandlerMethodAdapter.handle(AbstractHandlerMethodAdapter.java:87) ~[spring-webmvc-5.3.8.jar:5.3.8]
	at org.springframework.web.servlet.DispatcherServlet.doDispatch(DispatcherServlet.java:1063) ~[spring-webmvc-5.3.8.jar:5.3.8]
	at org.springframework.web.servlet.DispatcherServlet.doService(DispatcherServlet.java:963) ~[spring-webmvc-5.3.8.jar:5.3.8]
	at org.springframework.web.servlet.FrameworkServlet.processRequest(FrameworkServlet.java:1006) ~[spring-webmvc-5.3.8.jar:5.3.8]
	at org.springframework.web.servlet.FrameworkServlet.doGet(FrameworkServlet.java:898) ~[spring-webmvc-5.3.8.jar:5.3.8]
	at javax.servlet.http.HttpServlet.service(HttpServlet.java:626) ~[tomcat-embed-core-9.0.46.jar:4.0.FR]
	at org.springframework.web.servlet.FrameworkServlet.service(FrameworkServlet.java:883) ~[spring-webmvc-5.3.8.jar:5.3.8]
	at javax.servlet.http.HttpServlet.service(HttpServlet.java:733) ~[tomcat-embed-core-9.0.46.jar:4.0.FR]
	at org.apache.catalina.core.ApplicationFilterChain.internalDoFilter(ApplicationFilterChain.java:227) ~[tomcat-embed-core-9.0.46.jar:9.0.46]
	at org.apache.catalina.core.ApplicationFilterChain.doFilter(ApplicationFilterChain.java:162) ~[tomcat-embed-core-9.0.46.jar:9.0.46]
	at org.apache.tomcat.websocket.server.WsFilter.doFilter(WsFilter.java:53) ~[tomcat-embed-websocket-9.0.46.jar:9.0.46]
	at org.apache.catalina.core.ApplicationFilterChain.internalDoFilter(ApplicationFilterChain.java:189) ~[tomcat-embed-core-9.0.46.jar:9.0.46]
	at org.apache.catalina.core.ApplicationFilterChain.doFilter(ApplicationFilterChain.java:162) ~[tomcat-embed-core-9.0.46.jar:9.0.46]
	at org.springframework.security.web.FilterChainProxy$VirtualFilterChain.doFilter(FilterChainProxy.java:327) ~[spring-security-web-5.5.0.jar:5.5.0]
	at org.springframework.security.web.access.intercept.FilterSecurityInterceptor.invoke(FilterSecurityInterceptor.java:115) ~[spring-security-web-5.5.0.jar:5.5.0]
	at org.springframework.security.web.access.intercept.FilterSecurityInterceptor.doFilter(FilterSecurityInterceptor.java:81) ~[spring-security-web-5.5.0.jar:5.5.0]
	at org.springframework.security.web.FilterChainProxy$VirtualFilterChain.doFilter(FilterChainProxy.java:336) ~[spring-security-web-5.5.0.jar:5.5.0]
	at org.springframework.security.web.access.ExceptionTranslationFilter.doFilter(ExceptionTranslationFilter.java:121) ~[spring-security-web-5.5.0.jar:5.5.0]
	at org.springframework.security.web.access.ExceptionTranslationFilter.doFilter(ExceptionTranslationFilter.java:115) ~[spring-security-web-5.5.0.jar:5.5.0]
	at org.springframework.security.web.FilterChainProxy$VirtualFilterChain.doFilter(FilterChainProxy.java:336) ~[spring-security-web-5.5.0.jar:5.5.0]
	at org.springframework.security.web.session.SessionManagementFilter.doFilter(SessionManagementFilter.java:126) ~[spring-security-web-5.5.0.jar:5.5.0]
	at org.springframework.security.web.session.SessionManagementFilter.doFilter(SessionManagementFilter.java:81) ~[spring-security-web-5.5.0.jar:5.5.0]
	at org.springframework.security.web.FilterChainProxy$VirtualFilterChain.doFilter(FilterChainProxy.java:336) ~[spring-security-web-5.5.0.jar:5.5.0]
	at org.springframework.security.web.authentication.AnonymousAuthenticationFilter.doFilter(AnonymousAuthenticationFilter.java:105) ~[spring-security-web-5.5.0.jar:5.5.0]
	at org.springframework.security.web.FilterChainProxy$VirtualFilterChain.doFilter(FilterChainProxy.java:336) ~[spring-security-web-5.5.0.jar:5.5.0]
	at org.springframework.security.web.servletapi.SecurityContextHolderAwareRequestFilter.doFilter(SecurityContextHolderAwareRequestFilter.java:149) ~[spring-security-web-5.5.0.jar:5.5.0]
	at org.springframework.security.web.FilterChainProxy$VirtualFilterChain.doFilter(FilterChainProxy.java:336) ~[spring-security-web-5.5.0.jar:5.5.0]
	at org.springframework.security.web.savedrequest.RequestCacheAwareFilter.doFilter(RequestCacheAwareFilter.java:63) ~[spring-security-web-5.5.0.jar:5.5.0]
	at org.springframework.security.web.FilterChainProxy$VirtualFilterChain.doFilter(FilterChainProxy.java:336) ~[spring-security-web-5.5.0.jar:5.5.0]
	at org.springframework.security.web.authentication.www.BasicAuthenticationFilter.doFilterInternal(BasicAuthenticationFilter.java:178) ~[spring-security-web-5.5.0.jar:5.5.0]
	at org.springframework.web.filter.OncePerRequestFilter.doFilter(OncePerRequestFilter.java:119) ~[spring-web-5.3.8.jar:5.3.8]
	at org.springframework.security.web.FilterChainProxy$VirtualFilterChain.doFilter(FilterChainProxy.java:336) ~[spring-security-web-5.5.0.jar:5.5.0]
	at org.springframework.security.web.authentication.AbstractAuthenticationProcessingFilter.doFilter(AbstractAuthenticationProcessingFilter.java:218) ~[spring-security-web-5.5.0.jar:5.5.0]
	at org.springframework.security.web.authentication.AbstractAuthenticationProcessingFilter.doFilter(AbstractAuthenticationProcessingFilter.java:212) ~[spring-security-web-5.5.0.jar:5.5.0]
	at org.springframework.security.web.FilterChainProxy$VirtualFilterChain.doFilter(FilterChainProxy.java:336) ~[spring-security-web-5.5.0.jar:5.5.0]
	at org.springframework.security.web.authentication.logout.LogoutFilter.doFilter(LogoutFilter.java:103) ~[spring-security-web-5.5.0.jar:5.5.0]
	at org.springframework.security.web.authentication.logout.LogoutFilter.doFilter(LogoutFilter.java:89) ~[spring-security-web-5.5.0.jar:5.5.0]
	at org.springframework.security.web.FilterChainProxy$VirtualFilterChain.doFilter(FilterChainProxy.java:336) ~[spring-security-web-5.5.0.jar:5.5.0]
	at org.springframework.security.web.csrf.CsrfFilter.doFilterInternal(CsrfFilter.java:117) ~[spring-security-web-5.5.0.jar:5.5.0]
	at org.springframework.web.filter.OncePerRequestFilter.doFilter(OncePerRequestFilter.java:119) ~[spring-web-5.3.8.jar:5.3.8]
	at org.springframework.security.web.FilterChainProxy$VirtualFilterChain.doFilter(FilterChainProxy.java:336) ~[spring-security-web-5.5.0.jar:5.5.0]
	at org.springframework.security.web.header.HeaderWriterFilter.doHeadersAfter(HeaderWriterFilter.java:90) ~[spring-security-web-5.5.0.jar:5.5.0]
	at org.springframework.security.web.header.HeaderWriterFilter.doFilterInternal(HeaderWriterFilter.java:75) ~[spring-security-web-5.5.0.jar:5.5.0]
	at org.springframework.web.filter.OncePerRequestFilter.doFilter(OncePerRequestFilter.java:119) ~[spring-web-5.3.8.jar:5.3.8]
	at org.springframework.security.web.FilterChainProxy$VirtualFilterChain.doFilter(FilterChainProxy.java:336) ~[spring-security-web-5.5.0.jar:5.5.0]
	at org.springframework.security.web.context.SecurityContextPersistenceFilter.doFilter(SecurityContextPersistenceFilter.java:110) ~[spring-security-web-5.5.0.jar:5.5.0]
	at org.springframework.security.web.context.SecurityContextPersistenceFilter.doFilter(SecurityContextPersistenceFilter.java:80) ~[spring-security-web-5.5.0.jar:5.5.0]
	at org.springframework.security.web.FilterChainProxy$VirtualFilterChain.doFilter(FilterChainProxy.java:336) ~[spring-security-web-5.5.0.jar:5.5.0]
	at org.springframework.security.web.context.request.async.WebAsyncManagerIntegrationFilter.doFilterInternal(WebAsyncManagerIntegrationFilter.java:55) ~[spring-security-web-5.5.0.jar:5.5.0]
	at org.springframework.web.filter.OncePerRequestFilter.doFilter(OncePerRequestFilter.java:119) ~[spring-web-5.3.8.jar:5.3.8]
	at org.springframework.security.web.FilterChainProxy$VirtualFilterChain.doFilter(FilterChainProxy.java:336) ~[spring-security-web-5.5.0.jar:5.5.0]
	at org.springframework.security.web.FilterChainProxy.doFilterInternal(FilterChainProxy.java:211) ~[spring-security-web-5.5.0.jar:5.5.0]
	at org.springframework.security.web.FilterChainProxy.doFilter(FilterChainProxy.java:183) ~[spring-security-web-5.5.0.jar:5.5.0]
	at org.springframework.web.filter.DelegatingFilterProxy.invokeDelegate(DelegatingFilterProxy.java:358) ~[spring-web-5.3.8.jar:5.3.8]
	at org.springframework.web.filter.DelegatingFilterProxy.doFilter(DelegatingFilterProxy.java:271) ~[spring-web-5.3.8.jar:5.3.8]
	at org.apache.catalina.core.ApplicationFilterChain.internalDoFilter(ApplicationFilterChain.java:189) ~[tomcat-embed-core-9.0.46.jar:9.0.46]
	at org.apache.catalina.core.ApplicationFilterChain.doFilter(ApplicationFilterChain.java:162) ~[tomcat-embed-core-9.0.46.jar:9.0.46]
	at org.springframework.web.filter.RequestContextFilter.doFilterInternal(RequestContextFilter.java:100) ~[spring-web-5.3.8.jar:5.3.8]
	at org.springframework.web.filter.OncePerRequestFilter.doFilter(OncePerRequestFilter.java:119) ~[spring-web-5.3.8.jar:5.3.8]
	at org.apache.catalina.core.ApplicationFilterChain.internalDoFilter(ApplicationFilterChain.java:189) ~[tomcat-embed-core-9.0.46.jar:9.0.46]
	at org.apache.catalina.core.ApplicationFilterChain.doFilter(ApplicationFilterChain.java:162) ~[tomcat-embed-core-9.0.46.jar:9.0.46]
	at org.springframework.web.filter.FormContentFilter.doFilterInternal(FormContentFilter.java:93) ~[spring-web-5.3.8.jar:5.3.8]
	at org.springframework.web.filter.OncePerRequestFilter.doFilter(OncePerRequestFilter.java:119) ~[spring-web-5.3.8.jar:5.3.8]
	at org.apache.catalina.core.ApplicationFilterChain.internalDoFilter(ApplicationFilterChain.java:189) ~[tomcat-embed-core-9.0.46.jar:9.0.46]
	at org.apache.catalina.core.ApplicationFilterChain.doFilter(ApplicationFilterChain.java:162) ~[tomcat-embed-core-9.0.46.jar:9.0.46]
	at org.springframework.web.filter.CharacterEncodingFilter.doFilterInternal(CharacterEncodingFilter.java:201) ~[spring-web-5.3.8.jar:5.3.8]
	at org.springframework.web.filter.OncePerRequestFilter.doFilter(OncePerRequestFilter.java:119) ~[spring-web-5.3.8.jar:5.3.8]
	at org.apache.catalina.core.ApplicationFilterChain.internalDoFilter(ApplicationFilterChain.java:189) ~[tomcat-embed-core-9.0.46.jar:9.0.46]
	at org.apache.catalina.core.ApplicationFilterChain.doFilter(ApplicationFilterChain.java:162) ~[tomcat-embed-core-9.0.46.jar:9.0.46]
	at org.apache.catalina.core.StandardWrapperValve.invoke(StandardWrapperValve.java:202) ~[tomcat-embed-core-9.0.46.jar:9.0.46]
	at org.apache.catalina.core.StandardContextValve.invoke(StandardContextValve.java:97) [tomcat-embed-core-9.0.46.jar:9.0.46]
	at org.apache.catalina.authenticator.AuthenticatorBase.invoke(AuthenticatorBase.java:542) [tomcat-embed-core-9.0.46.jar:9.0.46]
	at org.apache.catalina.core.StandardHostValve.invoke(StandardHostValve.java:143) [tomcat-embed-core-9.0.46.jar:9.0.46]
	at org.apache.catalina.valves.ErrorReportValve.invoke(ErrorReportValve.java:92) [tomcat-embed-core-9.0.46.jar:9.0.46]
	at org.apache.catalina.core.StandardEngineValve.invoke(StandardEngineValve.java:78) [tomcat-embed-core-9.0.46.jar:9.0.46]
	at org.apache.catalina.connector.CoyoteAdapter.service(CoyoteAdapter.java:357) [tomcat-embed-core-9.0.46.jar:9.0.46]
	at org.apache.coyote.http11.Http11Processor.service(Http11Processor.java:374) [tomcat-embed-core-9.0.46.jar:9.0.46]
	at org.apache.coyote.AbstractProcessorLight.process(AbstractProcessorLight.java:65) [tomcat-embed-core-9.0.46.jar:9.0.46]
	at org.apache.coyote.AbstractProtocol$ConnectionHandler.process(AbstractProtocol.java:893) [tomcat-embed-core-9.0.46.jar:9.0.46]
	at org.apache.tomcat.util.net.NioEndpoint$SocketProcessor.doRun(NioEndpoint.java:1707) [tomcat-embed-core-9.0.46.jar:9.0.46]
	at org.apache.tomcat.util.net.SocketProcessorBase.run(SocketProcessorBase.java:49) [tomcat-embed-core-9.0.46.jar:9.0.46]
	at java.util.concurrent.ThreadPoolExecutor.runWorker(ThreadPoolExecutor.java:1142) [na:1.8.0_31]
	at java.util.concurrent.ThreadPoolExecutor$Worker.run(ThreadPoolExecutor.java:617) [na:1.8.0_31]
	at org.apache.tomcat.util.threads.TaskThread$WrappingRunnable.run(TaskThread.java:61) [tomcat-embed-core-9.0.46.jar:9.0.46]
	at java.lang.Thread.run(Thread.java:745) [na:1.8.0_31]

2021-06-25 17:05:39.672  INFO 93587 --- [RMI TCP Connection(44)-127.0.0.1] inMXBeanRegistrar$SpringApplicationAdmin : Application shutdown requested.
2021-06-25 17:05:39.793  INFO 93587 --- [RMI TCP Connection(44)-127.0.0.1] j.LocalContainerEntityManagerFactoryBean : Closing JPA EntityManagerFactory for persistence unit 'default'
2021-06-25 17:05:39.816  INFO 93587 --- [RMI TCP Connection(44)-127.0.0.1] com.zaxxer.hikari.HikariDataSource       : HikariPool-1 - Shutdown initiated...
2021-06-25 17:05:39.841  INFO 93587 --- [RMI TCP Connection(44)-127.0.0.1] com.zaxxer.hikari.HikariDataSource       : HikariPool-1 - Shutdown completed.
2021-06-25 17:05:43.213  INFO 95250 --- [main] formation.sopra.springBoot.Application   : Starting Application using Java 1.8.0_31 on macOlivier with PID 95250 (/Users/olivier/Documents/sopra20210525.nosync/Sopra-210413/Workspace/springBoot/target/classes started by olivier in /Users/olivier/Documents/sopra20210525.nosync/Sopra-210413/Workspace/springBoot)
2021-06-25 17:05:43.216  INFO 95250 --- [main] formation.sopra.springBoot.Application   : No active profile set, falling back to default profiles: default
2021-06-25 17:05:44.491  INFO 95250 --- [main] .s.d.r.c.RepositoryConfigurationDelegate : Bootstrapping Spring Data JPA repositories in DEFAULT mode.
2021-06-25 17:05:44.595  INFO 95250 --- [main] .s.d.r.c.RepositoryConfigurationDelegate : Finished Spring Data repository scanning in 96 ms. Found 6 JPA repository interfaces.
2021-06-25 17:05:45.236  INFO 95250 --- [main] trationDelegate$BeanPostProcessorChecker : Bean 'org.springframework.security.access.expression.method.DefaultMethodSecurityExpressionHandler@226b143b' of type [org.springframework.security.access.expression.method.DefaultMethodSecurityExpressionHandler] is not eligible for getting processed by all BeanPostProcessors (for example: not eligible for auto-proxying)
2021-06-25 17:05:45.248  INFO 95250 --- [main] trationDelegate$BeanPostProcessorChecker : Bean 'methodSecurityMetadataSource' of type [org.springframework.security.access.method.DelegatingMethodSecurityMetadataSource] is not eligible for getting processed by all BeanPostProcessors (for example: not eligible for auto-proxying)
2021-06-25 17:05:45.740  INFO 95250 --- [main] o.s.b.w.embedded.tomcat.TomcatWebServer  : Tomcat initialized with port(s): 8080 (http)
2021-06-25 17:05:45.766  INFO 95250 --- [main] o.apache.catalina.core.StandardService   : Starting service [Tomcat]
2021-06-25 17:05:45.766  INFO 95250 --- [main] org.apache.catalina.core.StandardEngine  : Starting Servlet engine: [Apache Tomcat/9.0.46]
2021-06-25 17:05:46.297  INFO 95250 --- [main] org.apache.jasper.servlet.TldScanner     : At least one JAR was scanned for TLDs yet contained no TLDs. Enable debug logging for this logger for a complete list of JARs that were scanned but no TLDs were found in them. Skipping unneeded JARs during scanning can improve startup time and JSP compilation time.
2021-06-25 17:05:46.324  INFO 95250 --- [main] o.a.c.c.C.[Tomcat].[localhost].[/boot]   : Initializing Spring embedded WebApplicationContext
2021-06-25 17:05:46.325  INFO 95250 --- [main] w.s.c.ServletWebServerApplicationContext : Root WebApplicationContext: initialization completed in 3025 ms
2021-06-25 17:05:46.492  INFO 95250 --- [main] com.zaxxer.hikari.HikariDataSource       : HikariPool-1 - Starting...
2021-06-25 17:05:46.667  INFO 95250 --- [main] com.zaxxer.hikari.HikariDataSource       : HikariPool-1 - Start completed.
2021-06-25 17:05:46.813  INFO 95250 --- [main] o.hibernate.jpa.internal.util.LogHelper  : HHH000204: Processing PersistenceUnitInfo [name: default]
2021-06-25 17:05:46.939  INFO 95250 --- [main] org.hibernate.Version                    : HHH000412: Hibernate ORM core version 5.4.32.Final
2021-06-25 17:05:47.169  INFO 95250 --- [main] o.hibernate.annotations.common.Version   : HCANN000001: Hibernate Commons Annotations {5.1.2.Final}
2021-06-25 17:05:47.380  INFO 95250 --- [main] org.hibernate.dialect.Dialect            : HHH000400: Using dialect: org.hibernate.dialect.PostgreSQL10Dialect
2021-06-25 17:05:48.858  INFO 95250 --- [main] o.h.e.t.j.p.i.JtaPlatformInitiator       : HHH000490: Using JtaPlatform implementation: [org.hibernate.engine.transaction.jta.platform.internal.NoJtaPlatform]
2021-06-25 17:05:48.870  INFO 95250 --- [main] j.LocalContainerEntityManagerFactoryBean : Initialized JPA EntityManagerFactory for persistence unit 'default'
2021-06-25 17:05:48.934  WARN 95250 --- [main] JpaBaseConfiguration$JpaWebConfiguration : spring.jpa.open-in-view is enabled by default. Therefore, database queries may be performed during view rendering. Explicitly configure spring.jpa.open-in-view to disable this warning
2021-06-25 17:05:51.086  INFO 95250 --- [main] o.s.s.web.DefaultSecurityFilterChain     : Will secure Ant [pattern='/images/**'] with []
2021-06-25 17:05:51.086  INFO 95250 --- [main] o.s.s.web.DefaultSecurityFilterChain     : Will secure Ant [pattern='/css/**'] with []
2021-06-25 17:05:51.086  INFO 95250 --- [main] o.s.s.web.DefaultSecurityFilterChain     : Will secure Ant [pattern='/js/**'] with []
2021-06-25 17:05:51.142  INFO 95250 --- [main] o.s.s.web.DefaultSecurityFilterChain     : Will secure Ant [pattern='/**'] with [org.springframework.security.web.context.request.async.WebAsyncManagerIntegrationFilter@b56d8a7, org.springframework.security.web.context.SecurityContextPersistenceFilter@77a4bac, org.springframework.security.web.header.HeaderWriterFilter@54e94de9, org.springframework.security.web.csrf.CsrfFilter@60a99f3d, org.springframework.security.web.authentication.logout.LogoutFilter@6eb5b9e7, org.springframework.security.web.authentication.UsernamePasswordAuthenticationFilter@3cb49121, org.springframework.security.web.authentication.www.BasicAuthenticationFilter@55397d15, org.springframework.security.web.savedrequest.RequestCacheAwareFilter@7d5a0b14, org.springframework.security.web.servletapi.SecurityContextHolderAwareRequestFilter@72e49f6a, org.springframework.security.web.authentication.AnonymousAuthenticationFilter@13f36d75, org.springframework.security.web.session.SessionManagementFilter@924f3f1, org.springframework.security.web.access.ExceptionTranslationFilter@1ba7db2a, org.springframework.security.web.access.intercept.FilterSecurityInterceptor@601d9f3a]
2021-06-25 17:05:51.241  INFO 95250 --- [main] o.s.b.w.embedded.tomcat.TomcatWebServer  : Tomcat started on port(s): 8080 (http) with context path '/boot'
2021-06-25 17:05:51.254  INFO 95250 --- [main] formation.sopra.springBoot.Application   : Started Application in 9.561 seconds (JVM running for 10.565)
2021-06-25 17:05:51.257  INFO 95250 --- [main] f.s.springBoot.services.ConsoleService   : Info
2021-06-25 17:05:51.257  WARN 95250 --- [main] f.s.springBoot.services.ConsoleService   : Warn
2021-06-25 17:05:51.257 ERROR 95250 --- [main] f.s.springBoot.services.ConsoleService   : Error
2021-06-25 17:05:56.780  INFO 95250 --- [http-nio-8080-exec-1] o.a.c.c.C.[Tomcat].[localhost].[/boot]   : Initializing Spring DispatcherServlet 'dispatcherServlet'
2021-06-25 17:05:56.780  INFO 95250 --- [http-nio-8080-exec-1] o.s.web.servlet.DispatcherServlet        : Initializing Servlet 'dispatcherServlet'
2021-06-25 17:05:56.784  INFO 95250 --- [http-nio-8080-exec-1] o.s.web.servlet.DispatcherServlet        : Completed initialization in 2 ms
2021-06-25 17:24:14.935  INFO 95250 --- [RMI TCP Connection(26)-127.0.0.1] inMXBeanRegistrar$SpringApplicationAdmin : Application shutdown requested.
2021-06-25 17:24:15.165  INFO 95250 --- [RMI TCP Connection(26)-127.0.0.1] j.LocalContainerEntityManagerFactoryBean : Closing JPA EntityManagerFactory for persistence unit 'default'
2021-06-25 17:24:15.220  INFO 95250 --- [RMI TCP Connection(26)-127.0.0.1] com.zaxxer.hikari.HikariDataSource       : HikariPool-1 - Shutdown initiated...
2021-06-25 17:24:15.248  INFO 95250 --- [RMI TCP Connection(26)-127.0.0.1] com.zaxxer.hikari.HikariDataSource       : HikariPool-1 - Shutdown completed.
2021-06-25 17:24:18.610  INFO 96415 --- [main] formation.sopra.springBoot.Application   : Starting Application using Java 1.8.0_31 on macOlivier with PID 96415 (/Users/olivier/Documents/sopra20210525.nosync/Sopra-210413/Workspace/springBoot/target/classes started by olivier in /Users/olivier/Documents/sopra20210525.nosync/Sopra-210413/Workspace/springBoot)
2021-06-25 17:24:18.613  INFO 96415 --- [main] formation.sopra.springBoot.Application   : No active profile set, falling back to default profiles: default
2021-06-25 17:24:20.679  INFO 96415 --- [main] .s.d.r.c.RepositoryConfigurationDelegate : Bootstrapping Spring Data JPA repositories in DEFAULT mode.
2021-06-25 17:24:20.828  INFO 96415 --- [main] .s.d.r.c.RepositoryConfigurationDelegate : Finished Spring Data repository scanning in 139 ms. Found 6 JPA repository interfaces.
2021-06-25 17:24:21.926  INFO 96415 --- [main] trationDelegate$BeanPostProcessorChecker : Bean 'org.springframework.security.access.expression.method.DefaultMethodSecurityExpressionHandler@57540fd0' of type [org.springframework.security.access.expression.method.DefaultMethodSecurityExpressionHandler] is not eligible for getting processed by all BeanPostProcessors (for example: not eligible for auto-proxying)
2021-06-25 17:24:21.933  INFO 96415 --- [main] trationDelegate$BeanPostProcessorChecker : Bean 'methodSecurityMetadataSource' of type [org.springframework.security.access.method.DelegatingMethodSecurityMetadataSource] is not eligible for getting processed by all BeanPostProcessors (for example: not eligible for auto-proxying)
2021-06-25 17:24:22.648  INFO 96415 --- [main] o.s.b.w.embedded.tomcat.TomcatWebServer  : Tomcat initialized with port(s): 8080 (http)
2021-06-25 17:24:22.668  INFO 96415 --- [main] o.apache.catalina.core.StandardService   : Starting service [Tomcat]
2021-06-25 17:24:22.668  INFO 96415 --- [main] org.apache.catalina.core.StandardEngine  : Starting Servlet engine: [Apache Tomcat/9.0.46]
2021-06-25 17:24:23.365  INFO 96415 --- [main] org.apache.jasper.servlet.TldScanner     : At least one JAR was scanned for TLDs yet contained no TLDs. Enable debug logging for this logger for a complete list of JARs that were scanned but no TLDs were found in them. Skipping unneeded JARs during scanning can improve startup time and JSP compilation time.
2021-06-25 17:24:23.391  INFO 96415 --- [main] o.a.c.c.C.[Tomcat].[localhost].[/boot]   : Initializing Spring embedded WebApplicationContext
2021-06-25 17:24:23.392  INFO 96415 --- [main] w.s.c.ServletWebServerApplicationContext : Root WebApplicationContext: initialization completed in 4635 ms
2021-06-25 17:24:23.729  INFO 96415 --- [main] com.zaxxer.hikari.HikariDataSource       : HikariPool-1 - Starting...
2021-06-25 17:24:23.930  INFO 96415 --- [main] com.zaxxer.hikari.HikariDataSource       : HikariPool-1 - Start completed.
2021-06-25 17:24:24.233  INFO 96415 --- [main] o.hibernate.jpa.internal.util.LogHelper  : HHH000204: Processing PersistenceUnitInfo [name: default]
2021-06-25 17:24:24.585  INFO 96415 --- [main] org.hibernate.Version                    : HHH000412: Hibernate ORM core version 5.4.32.Final
2021-06-25 17:24:25.079  INFO 96415 --- [main] o.hibernate.annotations.common.Version   : HCANN000001: Hibernate Commons Annotations {5.1.2.Final}
2021-06-25 17:24:25.340  INFO 96415 --- [main] org.hibernate.dialect.Dialect            : HHH000400: Using dialect: org.hibernate.dialect.PostgreSQL10Dialect
2021-06-25 17:24:27.165  INFO 96415 --- [main] o.h.e.t.j.p.i.JtaPlatformInitiator       : HHH000490: Using JtaPlatform implementation: [org.hibernate.engine.transaction.jta.platform.internal.NoJtaPlatform]
2021-06-25 17:24:27.178  INFO 96415 --- [main] j.LocalContainerEntityManagerFactoryBean : Initialized JPA EntityManagerFactory for persistence unit 'default'
2021-06-25 17:24:27.324  WARN 96415 --- [main] JpaBaseConfiguration$JpaWebConfiguration : spring.jpa.open-in-view is enabled by default. Therefore, database queries may be performed during view rendering. Explicitly configure spring.jpa.open-in-view to disable this warning
2021-06-25 17:24:31.507  INFO 96415 --- [main] o.s.s.web.DefaultSecurityFilterChain     : Will secure Ant [pattern='/images/**'] with []
2021-06-25 17:24:31.508  INFO 96415 --- [main] o.s.s.web.DefaultSecurityFilterChain     : Will secure Ant [pattern='/css/**'] with []
2021-06-25 17:24:31.508  INFO 96415 --- [main] o.s.s.web.DefaultSecurityFilterChain     : Will secure Ant [pattern='/js/**'] with []
2021-06-25 17:24:31.951  INFO 96415 --- [main] o.s.s.web.DefaultSecurityFilterChain     : Will secure Ant [pattern='/**'] with [org.springframework.security.web.context.request.async.WebAsyncManagerIntegrationFilter@183ef89a, org.springframework.security.web.context.SecurityContextPersistenceFilter@7793b55d, org.springframework.security.web.header.HeaderWriterFilter@77d959f1, org.springframework.security.web.csrf.CsrfFilter@46e6458d, org.springframework.security.web.authentication.logout.LogoutFilter@1e50eb3f, org.springframework.security.web.authentication.UsernamePasswordAuthenticationFilter@59c862af, org.springframework.security.web.authentication.www.BasicAuthenticationFilter@424a152f, org.springframework.security.web.savedrequest.RequestCacheAwareFilter@4ac7856f, org.springframework.security.web.servletapi.SecurityContextHolderAwareRequestFilter@3a63d248, org.springframework.security.web.authentication.AnonymousAuthenticationFilter@2792c28, org.springframework.security.web.session.SessionManagementFilter@54f69311, org.springframework.security.web.access.ExceptionTranslationFilter@126af200, org.springframework.security.web.access.intercept.FilterSecurityInterceptor@3265995e]
2021-06-25 17:24:32.488  INFO 96415 --- [main] o.s.b.w.embedded.tomcat.TomcatWebServer  : Tomcat started on port(s): 8080 (http) with context path '/boot'
2021-06-25 17:24:32.512  INFO 96415 --- [main] formation.sopra.springBoot.Application   : Started Application in 14.876 seconds (JVM running for 16.237)
2021-06-25 17:24:32.523  INFO 96415 --- [main] f.s.springBoot.services.ConsoleService   : Info
2021-06-25 17:24:32.525  WARN 96415 --- [main] f.s.springBoot.services.ConsoleService   : Warn
2021-06-25 17:24:32.525 ERROR 96415 --- [main] f.s.springBoot.services.ConsoleService   : Error
2021-06-25 17:24:33.094  INFO 96415 --- [http-nio-8080-exec-1] o.a.c.c.C.[Tomcat].[localhost].[/boot]   : Initializing Spring DispatcherServlet 'dispatcherServlet'
2021-06-25 17:24:33.095  INFO 96415 --- [http-nio-8080-exec-1] o.s.web.servlet.DispatcherServlet        : Initializing Servlet 'dispatcherServlet'
2021-06-25 17:24:33.098  INFO 96415 --- [http-nio-8080-exec-1] o.s.web.servlet.DispatcherServlet        : Completed initialization in 3 ms
